2019-11-29 11:14:11,519  INFO [main] LogReport:26 - Chrome browser started...
2019-11-29 11:14:22,004  INFO [main] LogReport:26 - Application is open...
2019-11-29 11:24:04,218  INFO [main] LogReport:26 - Chrome browser started...
2019-11-29 11:24:14,513  INFO [main] LogReport:26 - Application is open...
2019-11-29 11:25:06,401  INFO [main] LogReport:26 - Chrome browser started...
2019-11-29 11:25:15,996  INFO [main] LogReport:26 - Application is open...
2019-11-29 11:27:05,241  INFO [main] LogReport:26 - Chrome browser started...
2019-11-29 11:27:15,239  INFO [main] LogReport:26 - Application is open...
2019-11-29 11:28:18,912  INFO [main] LogReport:26 - Chrome browser started...
2019-11-29 11:28:28,730  INFO [main] LogReport:26 - Application is open...
2019-11-29 11:31:52,516  INFO [main] LogReport:26 - Chrome browser started...
2019-11-29 11:32:00,990  INFO [main] LogReport:26 - Application is open...
2019-11-29 11:32:01,020  INFO [main] LogReport:26 - STEP#1: Verify User landed on home page or not
2019-11-29 11:32:02,575  INFO [main] LogReport:26 - STEP#2: Quiting Driver
2019-11-29 11:32:54,257  INFO [main] LogReport:26 - Chrome browser started...
2019-11-29 11:33:03,973  INFO [main] LogReport:26 - Application is open...
2019-11-29 11:33:04,013  INFO [main] LogReport:26 - STEP#1: Verify User landed on home page or not
2019-11-29 11:33:05,218  INFO [main] LogReport:26 - Successfully validated HOTELS
FLIGHTS
TOURS
TRANSFER
VISA
2019-11-29 11:33:05,227  INFO [main] LogReport:26 - STEP#2: Quiting Driver
2019-11-29 11:56:33,564  INFO [main] LogReport:26 - Chrome browser started...
2019-11-29 11:56:55,968  INFO [main] LogReport:26 - Application is open...
2019-11-29 11:56:56,325  INFO [main] LogReport:26 - STEP#1: Verify User landed on home page or not
2019-11-29 11:56:56,789  INFO [main] LogReport:26 - STEP#2: Quiting Driver
2019-11-29 11:58:16,402  INFO [main] LogReport:26 - Chrome browser started...
2019-11-29 11:58:23,950  INFO [main] LogReport:26 - Application is open...
2019-11-29 11:58:24,056  INFO [main] LogReport:26 - STEP#1: Verify User landed on home page or not
2019-11-29 11:58:24,480  INFO [main] LogReport:26 - Successfully validated HOTELS
FLIGHTS
TOURS
TRANSFER
VISA
2019-11-29 11:58:24,680  INFO [main] LogReport:26 - STEP#2: Quiting Driver
2019-11-29 12:00:47,250  INFO [main] LogReport:26 - Chrome browser started...
2019-11-29 12:00:57,413  INFO [main] LogReport:26 - Application is open...
2019-11-29 12:00:57,538  INFO [main] LogReport:26 - STEP#1: Verify User landed on home page or not
2019-11-29 12:00:57,852  INFO [main] LogReport:26 - Successfully validated HOTELS
FLIGHTS
TOURS
TRANSFER
VISA
2019-11-29 12:00:58,034  INFO [main] LogReport:26 - STEP#2: Quiting Driver
2019-11-29 12:01:58,340  INFO [main] LogReport:26 - Chrome browser started...
2019-11-29 12:02:08,733  INFO [main] LogReport:26 - Application is open...
2019-11-29 12:02:08,843  INFO [main] LogReport:26 - STEP#1: Verify User landed on home page or not
2019-11-29 12:02:09,148  INFO [main] LogReport:26 - Successfully validated HOTELS
FLIGHTS
TOURS
TRANSFER
VISA
2019-11-29 12:02:09,348  INFO [main] LogReport:26 - STEP#2: Quiting Driver
2019-11-29 12:04:16,520  INFO [main] LogReport:26 - Chrome browser started...
2019-11-29 12:04:26,664  INFO [main] LogReport:26 - Application is open...
2019-11-29 12:04:26,790  INFO [main] LogReport:26 - STEP#1: Verify User landed on home page or not
2019-11-29 12:04:27,127  INFO [main] LogReport:26 - Successfully validated HOTELS
FLIGHTS
TOURS
TRANSFER
VISA
2019-11-29 12:04:27,383  INFO [main] LogReport:26 - STEP#2: Quiting Driver
2019-11-29 12:04:59,469  INFO [main] LogReport:26 - Chrome browser started...
2019-11-29 12:05:09,502  INFO [main] LogReport:26 - Application is open...
2019-11-29 12:05:09,608  INFO [main] LogReport:26 - STEP#1: Verify User landed on home page or not
2019-11-29 12:05:09,976  INFO [main] LogReport:26 - Successfully validated HOTELS
FLIGHTS
TOURS
TRANSFER
VISA
2019-11-29 12:05:10,218  INFO [main] LogReport:26 - STEP#2: Quiting Driver
2019-11-29 12:05:52,138  INFO [main] LogReport:26 - Chrome browser started...
2019-11-29 12:06:02,361  INFO [main] LogReport:26 - Application is open...
2019-11-29 12:06:02,492  INFO [main] LogReport:26 - STEP#1: Verify User landed on home page or not
2019-11-29 12:06:02,808  INFO [main] LogReport:26 - Successfully validated HOTELS
FLIGHTS
TOURS
TRANSFER
VISA
2019-11-29 12:06:34,970  INFO [main] LogReport:26 - Chrome browser started...
2019-11-29 12:06:45,367  INFO [main] LogReport:26 - Application is open...
2019-11-29 12:06:45,485  INFO [main] LogReport:26 - STEP#1: Verify User landed on home page or not
2019-11-29 12:06:45,815  INFO [main] LogReport:26 - Successfully validated HOTELS
FLIGHTS
TOURS
TRANSFER
VISA
2019-11-29 12:09:38,906  INFO [main] LogReport:26 - Chrome browser started...
2019-11-29 12:09:50,305  INFO [main] LogReport:26 - Application is open...
2019-11-29 12:09:50,432  INFO [main] LogReport:26 - STEP#1: Verify User landed on home page or not
2019-11-29 12:09:50,697  INFO [main] LogReport:26 - Successfully validated HOTELS
FLIGHTS
TOURS
TRANSFER
VISA
2019-11-29 12:10:45,731  INFO [main] LogReport:26 - Chrome browser started...
2019-11-29 12:10:55,839  INFO [main] LogReport:26 - Application is open...
2019-11-29 12:10:55,986  INFO [main] LogReport:26 - STEP#1: Verify User landed on home page or not
2019-11-29 12:10:56,406  INFO [main] LogReport:26 - Successfully validated HOTELS
FLIGHTS
TOURS
TRANSFER
VISA
2019-11-29 12:11:50,134  INFO [main] LogReport:26 - Chrome browser started...
2019-11-29 12:12:01,770  INFO [main] LogReport:26 - Application is open...
2019-11-29 12:12:01,898  INFO [main] LogReport:26 - STEP#1: Verify User landed on home page or not
2019-11-29 12:12:02,141  INFO [main] LogReport:26 - Successfully validated HOTELS
FLIGHTS
TOURS
TRANSFER
VISA
2019-11-29 12:17:18,575  INFO [main] LogReport:26 - Chrome browser started...
2019-11-29 12:17:29,525  INFO [main] LogReport:26 - Application is open...
2019-11-29 12:17:29,664  INFO [main] LogReport:26 - STEP#1: Verify User landed on home page or not
2019-11-29 12:17:29,980  INFO [main] LogReport:26 - Successfully validated HOTELS
FLIGHTS
TOURS
TRANSFER
VISA
2019-11-29 12:20:35,830  INFO [main] LogReport:26 - Chrome browser started...
2019-11-29 12:20:43,468  INFO [main] LogReport:26 - Application is open...
2019-11-29 12:20:43,598  INFO [main] LogReport:26 - STEP#1: Verify User landed on home page or not
2019-11-29 12:20:44,075  INFO [main] LogReport:26 - Successfully validated HOTELS
FLIGHTS
TOURS
TRANSFER
VISA
2019-11-29 12:22:06,847  INFO [main] LogReport:26 - Chrome browser started...
2019-11-29 12:22:25,606  INFO [main] LogReport:26 - Application is open...
2019-11-29 12:22:25,768  INFO [main] LogReport:26 - STEP#1: Verify User landed on home page or not
2019-11-29 12:22:26,210  INFO [main] LogReport:26 - Successfully validated HOTELS
FLIGHTS
TOURS
TRANSFER
VISA
2019-11-29 12:22:26,211  INFO [main] LogReport:26 - STEP#2: Entering City name
2019-11-29 12:23:09,799  INFO [main] LogReport:26 - Chrome browser started...
2019-11-29 12:23:25,966  INFO [main] LogReport:26 - Application is open...
2019-11-29 12:23:26,105  INFO [main] LogReport:26 - STEP#1: Verify User landed on home page or not
2019-11-29 12:23:26,398  INFO [main] LogReport:26 - Successfully validated HOTELS
FLIGHTS
TOURS
TRANSFER
VISA
2019-11-29 12:23:26,399  INFO [main] LogReport:26 - STEP#2: Entering City name
2019-11-29 12:32:19,857  INFO [main] LogReport:26 - Chrome browser started...
2019-11-29 12:32:32,120  INFO [main] LogReport:26 - Application is open...
2019-11-29 12:32:32,235  INFO [main] LogReport:26 - STEP#1: Verify User landed on home page or not
2019-11-29 12:32:32,567  INFO [main] LogReport:26 - Successfully validated HOTELS
FLIGHTS
TOURS
TRANSFER
VISA
2019-11-29 12:32:32,568  INFO [main] LogReport:26 - STEP#2: Entering City name
2019-11-29 12:33:20,883  INFO [main] LogReport:26 - Chrome browser started...
2019-11-29 12:33:31,271  INFO [main] LogReport:26 - Application is open...
2019-11-29 12:33:31,425  INFO [main] LogReport:26 - STEP#1: Verify User landed on home page or not
2019-11-29 12:33:31,743  INFO [main] LogReport:26 - Successfully validated HOTELS
FLIGHTS
TOURS
TRANSFER
VISA
2019-11-29 12:33:31,744  INFO [main] LogReport:26 - STEP#2: Entering City name
2019-11-29 12:33:59,378  INFO [main] LogReport:26 - Chrome browser started...
2019-11-29 12:34:09,922  INFO [main] LogReport:26 - Application is open...
2019-11-29 12:34:10,083  INFO [main] LogReport:26 - STEP#1: Verify User landed on home page or not
2019-11-29 12:34:10,443  INFO [main] LogReport:26 - Successfully validated HOTELS
FLIGHTS
TOURS
TRANSFER
VISA
2019-11-29 12:34:10,444  INFO [main] LogReport:26 - STEP#2: Entering City name
2019-11-29 12:35:06,399  INFO [main] LogReport:26 - Chrome browser started...
2019-11-29 12:35:16,262  INFO [main] LogReport:26 - Application is open...
2019-11-29 12:35:16,382  INFO [main] LogReport:26 - STEP#1: Verify User landed on home page or not
2019-11-29 12:35:16,709  INFO [main] LogReport:26 - Successfully validated HOTELS
FLIGHTS
TOURS
TRANSFER
VISA
2019-11-29 12:35:16,709  INFO [main] LogReport:26 - STEP#2: Entering City name
2019-11-29 12:35:51,726  INFO [main] LogReport:26 - Chrome browser started...
2019-11-29 12:36:02,520  INFO [main] LogReport:26 - Application is open...
2019-11-29 12:36:02,662  INFO [main] LogReport:26 - STEP#1: Verify User landed on home page or not
2019-11-29 12:36:03,049  INFO [main] LogReport:26 - Successfully validated HOTELS
FLIGHTS
TOURS
TRANSFER
VISA
2019-11-29 12:36:03,050  INFO [main] LogReport:26 - STEP#2: Entering City name
2019-11-29 12:36:03,113  INFO [main] LogReport:26 - 11/29/2019
2019-11-29 12:36:03,113  INFO [main] LogReport:31 - 10
2019-11-29 12:36:03,114  INFO [main] LogReport:26 - 12/09/2019
2019-11-29 12:36:03,218  INFO [main] LogReport:26 - 11/29/2019
2019-11-29 12:36:03,219  INFO [main] LogReport:31 - 12
2019-11-29 12:36:03,220  INFO [main] LogReport:26 - 12/11/2019
2019-11-29 12:45:07,723  INFO [main] LogReport:26 - Chrome browser started...
2019-11-29 12:45:18,260  INFO [main] LogReport:26 - Application is open...
2019-11-29 12:45:18,374  INFO [main] LogReport:26 - STEP#1: Verify User landed on home page or not
2019-11-29 12:45:18,776  INFO [main] LogReport:26 - Successfully validated HOTELS
FLIGHTS
TOURS
TRANSFER
VISA
2019-11-29 12:45:18,777  INFO [main] LogReport:26 - STEP#2: Entering City name
2019-11-29 12:45:18,777  INFO [main] LogReport:26 - STEP#3: Entering checkin date
2019-11-29 12:45:18,869  INFO [main] LogReport:26 - 11/29/2019
2019-11-29 12:45:18,869  INFO [main] LogReport:31 - 10
2019-11-29 12:45:18,870  INFO [main] LogReport:26 - 12/09/2019
2019-11-29 12:45:19,028  INFO [main] LogReport:26 - STEP#4: Entering Checkout date
2019-11-29 12:45:19,088  INFO [main] LogReport:26 - 11/29/2019
2019-11-29 12:45:19,088  INFO [main] LogReport:31 - 12
2019-11-29 12:45:19,089  INFO [main] LogReport:26 - 12/11/2019
2019-11-29 12:49:47,029  INFO [main] LogReport:26 - Chrome browser started...
2019-11-29 12:49:57,846  INFO [main] LogReport:26 - Application is open...
2019-11-29 12:49:57,965  INFO [main] LogReport:26 - STEP#1: Verify User landed on home page or not
2019-11-29 12:49:58,256  INFO [main] LogReport:26 - Successfully validated HOTELS
FLIGHTS
TOURS
TRANSFER
VISA
2019-11-29 12:49:58,257  INFO [main] LogReport:26 - STEP#2: Entering City name
2019-11-29 12:49:58,257  INFO [main] LogReport:26 - STEP#3: Entering checkin date
2019-11-29 12:49:58,338  INFO [main] LogReport:26 - 11/29/2019
2019-11-29 12:49:58,339  INFO [main] LogReport:31 - 10
2019-11-29 12:49:58,340  INFO [main] LogReport:26 - 12/09/2019
2019-11-29 13:03:01,884  INFO [main] LogReport:26 - Chrome browser started...
2019-11-29 13:03:12,712  INFO [main] LogReport:26 - Application is open...
2019-11-29 13:03:12,874  INFO [main] LogReport:26 - STEP#1: Verify User landed on home page or not
2019-11-29 13:03:13,225  INFO [main] LogReport:26 - Successfully validated HOTELS
FLIGHTS
TOURS
TRANSFER
VISA
2019-11-29 13:03:13,226  INFO [main] LogReport:26 - STEP#2: Entering City name
2019-11-29 13:23:30,706  INFO [main] LogReport:26 - Chrome browser started...
2019-11-29 13:23:43,205  INFO [main] LogReport:26 - Application is open...
2019-11-29 13:23:43,335  INFO [main] LogReport:26 - STEP#1: Home page validation
2019-11-29 13:23:43,737  INFO [main] LogReport:26 - Successfully validated HOTELS
FLIGHTS
TOURS
TRANSFER
VISA
2019-11-29 13:23:43,738  INFO [main] LogReport:26 - STEP#2: Entering City name
2019-11-29 13:26:01,447  INFO [main] LogReport:26 - Chrome browser started...
2019-11-29 13:26:12,131  INFO [main] LogReport:26 - Application is open...
2019-11-29 13:26:12,254  INFO [main] LogReport:26 - STEP#1: Home page validation
2019-11-29 13:26:12,604  INFO [main] LogReport:26 - Successfully validated HOTELS
FLIGHTS
TOURS
TRANSFER
VISA
2019-11-29 13:26:12,604  INFO [main] LogReport:26 - STEP#2: Entering City name
2019-11-29 13:27:03,881  INFO [main] LogReport:26 - Chrome browser started...
2019-11-29 13:27:14,057  INFO [main] LogReport:26 - Application is open...
2019-11-29 13:27:14,178  INFO [main] LogReport:26 - STEP#1: Home page validation
2019-11-29 13:27:14,488  INFO [main] LogReport:26 - Successfully validated HOTELS
FLIGHTS
TOURS
TRANSFER
VISA
2019-11-29 13:27:14,489  INFO [main] LogReport:26 - STEP#2: Entering City name
2019-11-29 13:29:07,540  INFO [main] LogReport:26 - Chrome browser started...
2019-11-29 13:29:29,634  INFO [main] LogReport:26 - Application is open...
2019-11-29 13:29:29,993  INFO [main] LogReport:26 - STEP#1: Home page validation
2019-11-29 13:29:30,640  INFO [main] LogReport:26 - Successfully validated HOTELS
FLIGHTS
TOURS
TRANSFER
VISA
2019-11-29 13:29:30,640  INFO [main] LogReport:26 - STEP#2: Entering City name
2019-11-29 13:36:36,251  INFO [main] LogReport:26 - Chrome browser started...
2019-11-29 13:36:46,814  INFO [main] LogReport:26 - Application is open...
2019-11-29 13:36:46,935  INFO [main] LogReport:26 - STEP#1: Home page validation
2019-11-29 13:36:47,282  INFO [main] LogReport:26 - Successfully validated HOTELS
FLIGHTS
TOURS
TRANSFER
VISA
2019-11-29 13:36:47,286  INFO [main] LogReport:26 - STEP#2: Entering City name
2019-11-29 13:37:54,990  INFO [main] LogReport:26 - Chrome browser started...
2019-11-29 13:38:04,848  INFO [main] LogReport:26 - Application is open...
2019-11-29 13:38:04,989  INFO [main] LogReport:26 - STEP#1: Home page validation
2019-11-29 13:38:05,343  INFO [main] LogReport:26 - Successfully validated HOTELS
FLIGHTS
TOURS
TRANSFER
VISA
2019-11-29 13:38:05,343  INFO [main] LogReport:26 - STEP#2: Entering City name
2019-11-29 13:42:38,836  INFO [main] LogReport:26 - Chrome browser started...
2019-11-29 13:43:43,110  INFO [main] LogReport:26 - Chrome browser started...
2019-11-29 13:43:53,357  INFO [main] LogReport:26 - Application is open...
2019-11-29 13:43:53,562  INFO [main] LogReport:26 - STEP#1: Home page validation
2019-11-29 13:43:53,978  INFO [main] LogReport:26 - Successfully validated HOTELS
FLIGHTS
TOURS
TRANSFER
VISA
2019-11-29 13:43:53,978  INFO [main] LogReport:26 - STEP#2: Entering City name
2019-11-29 13:43:54,535  INFO [main] LogReport:26 - STEP#3: Selecting checkin date
2019-11-29 13:43:54,599  INFO [main] LogReport:26 - 11/29/2019
2019-11-29 13:43:54,601  INFO [main] LogReport:31 - 10
2019-11-29 13:43:54,601  INFO [main] LogReport:26 - 12/09/2019
2019-11-29 13:44:38,491  INFO [main] LogReport:26 - Chrome browser started...
2019-11-29 13:44:49,472  INFO [main] LogReport:26 - Application is open...
2019-11-29 13:44:49,652  INFO [main] LogReport:26 - STEP#1: Home page validation
2019-11-29 13:44:50,046  INFO [main] LogReport:26 - Successfully validated HOTELS
FLIGHTS
TOURS
TRANSFER
VISA
2019-11-29 13:44:50,046  INFO [main] LogReport:26 - STEP#2: Entering City name
2019-11-29 13:44:50,615  INFO [main] LogReport:26 - STEP#3: Selecting checkin date
2019-11-29 13:44:50,704  INFO [main] LogReport:26 - 11/29/2019
2019-11-29 13:44:50,704  INFO [main] LogReport:31 - 10
2019-11-29 13:44:50,704  INFO [main] LogReport:26 - 12/09/2019
2019-11-29 13:49:41,304  INFO [main] LogReport:26 - Chrome browser started...
2019-11-29 13:49:51,118  INFO [main] LogReport:26 - Application is open...
2019-11-29 13:49:51,266  INFO [main] LogReport:26 - STEP#1: Home page validation
2019-11-29 13:49:51,605  INFO [main] LogReport:26 - Successfully validated HOTELS
FLIGHTS
TOURS
TRANSFER
VISA
2019-11-29 13:49:51,609  INFO [main] LogReport:26 - STEP#2: Entering City name
2019-11-29 14:22:12,763  INFO [main] LogReport:26 - Chrome browser started...
2019-11-29 14:22:23,218  INFO [main] LogReport:26 - Application is open...
2019-11-29 14:22:23,389  INFO [main] LogReport:26 - STEP#1: Home page validation
2019-11-29 14:22:23,802  INFO [main] LogReport:26 - Successfully validated HOTELS
FLIGHTS
TOURS
TRANSFER
VISA
2019-11-29 14:22:23,803  INFO [main] LogReport:26 - STEP#2: Entering City name
2019-11-29 14:22:24,296  INFO [main] LogReport:26 - STEP#3: Selecting checkin date
2019-11-29 14:22:24,372  INFO [main] LogReport:26 - 11/29/2019
2019-11-29 14:22:24,372  INFO [main] LogReport:31 - 10
2019-11-29 14:22:24,373  INFO [main] LogReport:26 - 12/09/2019
2019-11-29 14:24:10,625  INFO [main] LogReport:26 - Chrome browser started...
2019-11-29 14:24:20,662  INFO [main] LogReport:26 - Application is open...
2019-11-29 14:24:20,811  INFO [main] LogReport:26 - STEP#1: Home page validation
2019-11-29 14:24:21,196  INFO [main] LogReport:26 - Successfully validated HOTELS
FLIGHTS
TOURS
TRANSFER
VISA
2019-11-29 14:24:21,197  INFO [main] LogReport:26 - STEP#2: Entering City name
2019-11-29 14:24:24,626  INFO [main] LogReport:26 - STEP#3: Selecting checkin date
2019-11-29 14:24:24,691  INFO [main] LogReport:26 - 11/29/2019
2019-11-29 14:24:24,691  INFO [main] LogReport:31 - 10
2019-11-29 14:24:24,692  INFO [main] LogReport:26 - 12/09/2019
2019-11-29 14:25:00,769  INFO [main] LogReport:26 - Chrome browser started...
2019-11-29 14:25:11,896  INFO [main] LogReport:26 - Application is open...
2019-11-29 14:25:12,082  INFO [main] LogReport:26 - STEP#1: Home page validation
2019-11-29 14:25:12,507  INFO [main] LogReport:26 - Successfully validated HOTELS
FLIGHTS
TOURS
TRANSFER
VISA
2019-11-29 14:25:12,508  INFO [main] LogReport:26 - STEP#2: Entering City name
2019-11-29 14:25:16,067  INFO [main] LogReport:26 - STEP#3: Selecting checkin date
2019-11-29 14:25:16,139  INFO [main] LogReport:26 - 11/29/2019
2019-11-29 14:25:16,140  INFO [main] LogReport:31 - 10
2019-11-29 14:25:16,141  INFO [main] LogReport:26 - 12/09/2019
2019-11-29 14:25:16,141  INFO [main] LogReport:26 - STEP#4: Selecting Checkout date
2019-11-29 14:25:16,243  INFO [main] LogReport:26 - 11/29/2019
2019-11-29 14:25:16,243  INFO [main] LogReport:31 - 12
2019-11-29 14:25:16,244  INFO [main] LogReport:26 - 12/11/2019
2019-11-29 14:25:16,244  INFO [main] LogReport:26 - STEP#4: Selecting Adults
2019-11-29 14:25:16,412  INFO [main] LogReport:26 - STEP#4: Selecting Adults
2019-11-29 14:25:16,488  INFO [main] LogReport:26 - STEP#5: clicking Search
2019-11-29 14:25:16,647  INFO [main] LogReport:26 - STEP#6: hotelpage validation
2019-11-29 14:37:09,047  INFO [main] LogReport:26 - Chrome browser started...
2019-11-29 14:38:08,741  INFO [main] LogReport:26 - Chrome browser started...
2019-11-29 14:39:44,600  INFO [main] LogReport:26 - Chrome browser started...
2019-11-29 14:40:47,574  INFO [main] LogReport:26 - Chrome browser started...
2019-11-29 14:43:07,078  INFO [main] LogReport:26 - Chrome browser started...
2019-11-29 14:45:10,842  INFO [main] LogReport:26 - Chrome browser started...
2019-11-29 15:27:57,864  INFO [main] LogReport:26 - Chrome browser started...
2019-11-29 15:37:30,903  INFO [main] LogReport:26 - Chrome browser started...
2019-11-29 15:37:42,782  INFO [main] LogReport:26 - Application is open...
2019-11-29 15:37:42,942  INFO [main] LogReport:26 - STEP#1: Home page validation
2019-11-29 15:37:43,430  INFO [main] LogReport:26 - Successfully validated HOTELS
FLIGHTS
TOURS
TRANSFER
VISA
2019-11-29 15:37:43,431  INFO [main] LogReport:26 - STEP#2: Entering City name
2019-11-29 15:40:19,985  INFO [main] LogReport:26 - Chrome browser started...
2019-11-29 15:40:30,488  INFO [main] LogReport:26 - Application is open...
2019-11-29 15:40:30,644  INFO [main] LogReport:26 - STEP#1: Home page validation
2019-11-29 15:40:31,128  INFO [main] LogReport:26 - Successfully validated HOTELS
FLIGHTS
TOURS
TRANSFER
VISA
2019-11-29 15:40:31,129  INFO [main] LogReport:26 - STEP#2: Entering City name
2019-11-29 15:41:26,766  INFO [main] LogReport:26 - Chrome browser started...
2019-11-29 15:41:37,677  INFO [main] LogReport:26 - Application is open...
2019-11-29 15:41:37,835  INFO [main] LogReport:26 - STEP#1: Home page validation
2019-11-29 15:41:38,297  INFO [main] LogReport:26 - Successfully validated HOTELS
FLIGHTS
TOURS
TRANSFER
VISA
2019-11-29 15:41:38,298  INFO [main] LogReport:26 - STEP#2: Entering City name
2019-11-29 15:49:06,703  INFO [main] LogReport:26 - Chrome browser started...
2019-11-29 15:49:18,865  INFO [main] LogReport:26 - Application is open...
2019-11-29 15:49:19,654  INFO [main] LogReport:26 - STEP#1: Home page validation
2019-11-29 15:49:21,659  INFO [main] LogReport:26 - Successfully validated HOTELS
FLIGHTS
TOURS
TRANSFER
VISA
2019-11-29 15:49:21,663  INFO [main] LogReport:26 - STEP#2: Entering City name
2019-11-29 15:54:54,523  INFO [main] LogReport:26 - Chrome browser started...
2019-11-29 15:55:04,820  INFO [main] LogReport:26 - Application is open...
2019-11-29 15:55:04,964  INFO [main] LogReport:26 - STEP#1: Home page validation
2019-11-29 15:55:05,353  INFO [main] LogReport:26 - Successfully validated HOTELS
FLIGHTS
TOURS
TRANSFER
VISA
2019-11-29 15:55:05,357  INFO [main] LogReport:26 - STEP#2: Entering City name
2019-11-29 15:55:36,909  INFO [main] LogReport:26 - Chrome browser started...
2019-11-29 15:55:46,998  INFO [main] LogReport:26 - Application is open...
2019-11-29 15:55:47,147  INFO [main] LogReport:26 - STEP#1: Home page validation
2019-11-29 15:55:47,542  INFO [main] LogReport:26 - Successfully validated HOTELS
FLIGHTS
TOURS
TRANSFER
VISA
2019-11-29 15:55:47,546  INFO [main] LogReport:26 - STEP#2: Entering City name
2019-11-29 15:56:12,285  INFO [main] LogReport:26 - Chrome browser started...
2019-11-29 15:56:23,622  INFO [main] LogReport:26 - Application is open...
2019-11-29 15:56:23,778  INFO [main] LogReport:26 - STEP#1: Home page validation
2019-11-29 15:56:24,146  INFO [main] LogReport:26 - Successfully validated HOTELS
FLIGHTS
TOURS
TRANSFER
VISA
2019-11-29 15:56:24,146  INFO [main] LogReport:26 - STEP#2: Entering City name
2019-11-29 15:56:27,958  INFO [main] LogReport:26 - STEP#3: Selecting checkin date
2019-11-29 15:56:28,030  INFO [main] LogReport:26 - 11/29/2019
2019-11-29 15:56:28,030  INFO [main] LogReport:31 - 10
2019-11-29 15:56:28,034  INFO [main] LogReport:26 - 12/09/2019
2019-11-29 15:57:23,147  INFO [main] LogReport:26 - Chrome browser started...
2019-11-29 15:57:33,807  INFO [main] LogReport:26 - Application is open...
2019-11-29 15:57:33,943  INFO [main] LogReport:26 - STEP#1: Home page validation
2019-11-29 15:57:34,228  INFO [main] LogReport:26 - Successfully validated HOTELS
FLIGHTS
TOURS
TRANSFER
VISA
2019-11-29 15:57:34,228  INFO [main] LogReport:26 - STEP#2: Entering City name
2019-11-29 15:57:37,844  INFO [main] LogReport:26 - STEP#3: Selecting checkin date
2019-11-29 15:57:37,916  INFO [main] LogReport:26 - 11/29/2019
2019-11-29 15:57:37,916  INFO [main] LogReport:31 - 10
2019-11-29 15:57:37,916  INFO [main] LogReport:26 - 12/09/2019
2019-11-29 15:59:36,439  INFO [main] LogReport:26 - Chrome browser started...
2019-11-29 15:59:46,769  INFO [main] LogReport:26 - Application is open...
2019-11-29 15:59:46,913  INFO [main] LogReport:26 - STEP#1: Home page validation
2019-11-29 15:59:47,461  INFO [main] LogReport:26 - Successfully validated HOTELS
FLIGHTS
TOURS
TRANSFER
VISA
2019-11-29 15:59:47,461  INFO [main] LogReport:26 - STEP#2: Entering City name
2019-11-29 15:59:51,332  INFO [main] LogReport:26 - STEP#3: Selecting checkin date
2019-11-29 15:59:51,399  INFO [main] LogReport:26 - 11/29/2019
2019-11-29 15:59:51,403  INFO [main] LogReport:31 - 10
2019-11-29 15:59:51,403  INFO [main] LogReport:26 - 12/09/2019
2019-11-29 16:01:25,237  INFO [main] LogReport:26 - Chrome browser started...
2019-11-29 16:01:36,654  INFO [main] LogReport:26 - Application is open...
2019-11-29 16:01:36,779  INFO [main] LogReport:26 - STEP#1: Home page validation
2019-11-29 16:01:37,126  INFO [main] LogReport:26 - Successfully validated HOTELS
FLIGHTS
TOURS
TRANSFER
VISA
2019-11-29 16:01:37,126  INFO [main] LogReport:26 - STEP#2: Entering City name
2019-11-29 16:01:40,906  INFO [main] LogReport:26 - STEP#3: Selecting checkin date
2019-11-29 16:02:44,387  INFO [main] LogReport:26 - Chrome browser started...
2019-11-29 16:02:55,140  INFO [main] LogReport:26 - Application is open...
2019-11-29 16:02:55,343  INFO [main] LogReport:26 - STEP#1: Home page validation
2019-11-29 16:02:55,767  INFO [main] LogReport:26 - Successfully validated HOTELS
FLIGHTS
TOURS
TRANSFER
VISA
2019-11-29 16:02:55,767  INFO [main] LogReport:26 - STEP#2: Entering City name
2019-11-29 16:02:59,527  INFO [main] LogReport:26 - STEP#3: Selecting checkin date
2019-11-29 16:02:59,588  INFO [main] LogReport:26 - 11/29/2019
2019-11-29 16:02:59,588  INFO [main] LogReport:31 - 10
2019-11-29 16:02:59,588  INFO [main] LogReport:26 - 12/09/2019
2019-11-29 16:03:43,491  INFO [main] LogReport:26 - Chrome browser started...
2019-11-29 16:03:54,521  INFO [main] LogReport:26 - Application is open...
2019-11-29 16:03:54,709  INFO [main] LogReport:26 - STEP#1: Home page validation
2019-11-29 16:03:55,110  INFO [main] LogReport:26 - Successfully validated HOTELS
FLIGHTS
TOURS
TRANSFER
VISA
2019-11-29 16:03:55,114  INFO [main] LogReport:26 - STEP#2: Entering City name
2019-11-29 16:03:58,949  INFO [main] LogReport:26 - STEP#3: Selecting checkin date
2019-11-29 16:03:59,013  INFO [main] LogReport:26 - 11/29/2019
2019-11-29 16:03:59,013  INFO [main] LogReport:31 - 10
2019-11-29 16:03:59,013  INFO [main] LogReport:26 - 12/09/2019
2019-11-29 16:04:51,820  INFO [main] LogReport:26 - Chrome browser started...
2019-11-29 16:05:02,574  INFO [main] LogReport:26 - Application is open...
2019-11-29 16:05:02,694  INFO [main] LogReport:26 - STEP#1: Home page validation
2019-11-29 16:05:03,053  INFO [main] LogReport:26 - Successfully validated HOTELS
FLIGHTS
TOURS
TRANSFER
VISA
2019-11-29 16:05:03,057  INFO [main] LogReport:26 - STEP#2: Entering City name
2019-11-29 16:05:06,594  INFO [main] LogReport:26 - STEP#3: Selecting checkin date
2019-11-29 16:05:06,662  INFO [main] LogReport:26 - 11/29/2019
2019-11-29 16:05:06,662  INFO [main] LogReport:31 - 10
2019-11-29 16:05:06,662  INFO [main] LogReport:26 - 12/09/2019
2019-11-29 16:05:06,970  INFO [main] LogReport:26 - STEP#4: Selecting Checkout date
2019-11-29 16:05:07,030  INFO [main] LogReport:26 - 11/29/2019
2019-11-29 16:05:07,030  INFO [main] LogReport:31 - 12
2019-11-29 16:05:07,030  INFO [main] LogReport:26 - 12/11/2019
2019-11-29 16:05:49,943  INFO [main] LogReport:26 - Chrome browser started...
2019-11-29 16:06:00,512  INFO [main] LogReport:26 - Application is open...
2019-11-29 16:06:00,651  INFO [main] LogReport:26 - STEP#1: Home page validation
2019-11-29 16:06:01,015  INFO [main] LogReport:26 - Successfully validated HOTELS
FLIGHTS
TOURS
TRANSFER
VISA
2019-11-29 16:06:01,015  INFO [main] LogReport:26 - STEP#2: Entering City name
2019-11-29 16:06:04,649  INFO [main] LogReport:26 - STEP#3: Selecting checkin date
2019-11-29 16:06:04,709  INFO [main] LogReport:26 - 11/29/2019
2019-11-29 16:06:04,709  INFO [main] LogReport:31 - 10
2019-11-29 16:06:04,709  INFO [main] LogReport:26 - 12/09/2019
2019-11-29 16:06:04,969  INFO [main] LogReport:26 - STEP#4: Selecting Checkout date
2019-11-29 16:06:05,021  INFO [main] LogReport:26 - 11/29/2019
2019-11-29 16:06:05,025  INFO [main] LogReport:31 - 12
2019-11-29 16:06:05,025  INFO [main] LogReport:26 - 12/11/2019
2019-11-29 16:07:11,022  INFO [main] LogReport:26 - Chrome browser started...
2019-11-29 16:07:21,601  INFO [main] LogReport:26 - Application is open...
2019-11-29 16:07:21,729  INFO [main] LogReport:26 - STEP#1: Home page validation
2019-11-29 16:07:22,013  INFO [main] LogReport:26 - Successfully validated HOTELS
FLIGHTS
TOURS
TRANSFER
VISA
2019-11-29 16:07:22,013  INFO [main] LogReport:26 - STEP#2: Entering City name
2019-11-29 16:07:25,631  INFO [main] LogReport:26 - STEP#3: Selecting checkin date
2019-11-29 16:07:25,707  INFO [main] LogReport:26 - 11/29/2019
2019-11-29 16:07:25,707  INFO [main] LogReport:31 - 10
2019-11-29 16:07:25,707  INFO [main] LogReport:26 - 12/09/2019
2019-11-29 16:07:25,990  INFO [main] LogReport:26 - STEP#4: Selecting Checkout date
2019-11-29 16:07:26,049  INFO [main] LogReport:26 - 11/29/2019
2019-11-29 16:07:26,049  INFO [main] LogReport:31 - 12
2019-11-29 16:07:26,049  INFO [main] LogReport:26 - 12/11/2019
2019-11-29 16:11:05,678  INFO [main] LogReport:26 - Chrome browser started...
2019-11-29 16:11:16,952  INFO [main] LogReport:26 - Application is open...
2019-11-29 16:11:17,100  INFO [main] LogReport:26 - STEP#1: Home page validation
2019-11-29 16:11:17,404  INFO [main] LogReport:26 - Successfully validated HOTELS
FLIGHTS
TOURS
TRANSFER
VISA
2019-11-29 16:11:17,404  INFO [main] LogReport:26 - STEP#2: Entering City name
2019-11-29 16:11:21,171  INFO [main] LogReport:26 - STEP#3: Selecting checkin date
2019-11-29 16:11:21,235  INFO [main] LogReport:26 - 11/29/2019
2019-11-29 16:11:21,239  INFO [main] LogReport:31 - 10
2019-11-29 16:11:21,239  INFO [main] LogReport:26 - 12/09/2019
2019-11-29 16:11:21,579  INFO [main] LogReport:26 - STEP#4: Selecting Checkout date
2019-11-29 16:11:21,635  INFO [main] LogReport:26 - 11/29/2019
2019-11-29 16:11:21,639  INFO [main] LogReport:31 - 12
2019-11-29 16:11:21,639  INFO [main] LogReport:26 - 12/11/2019
2019-11-29 16:11:50,042  INFO [main] LogReport:26 - Chrome browser started...
2019-11-29 16:12:00,645  INFO [main] LogReport:26 - Application is open...
2019-11-29 16:12:00,819  INFO [main] LogReport:26 - STEP#1: Home page validation
2019-11-29 16:12:01,230  INFO [main] LogReport:26 - Successfully validated HOTELS
FLIGHTS
TOURS
TRANSFER
VISA
2019-11-29 16:12:01,230  INFO [main] LogReport:26 - STEP#2: Entering City name
2019-11-29 16:12:05,215  INFO [main] LogReport:26 - STEP#3: Selecting checkin date
2019-11-29 16:12:05,275  INFO [main] LogReport:26 - 11/29/2019
2019-11-29 16:12:05,279  INFO [main] LogReport:31 - 10
2019-11-29 16:12:05,279  INFO [main] LogReport:26 - 12/09/2019
2019-11-29 16:12:05,671  INFO [main] LogReport:26 - STEP#4: Selecting Checkout date
2019-11-29 16:12:05,731  INFO [main] LogReport:26 - 11/29/2019
2019-11-29 16:12:05,731  INFO [main] LogReport:31 - 12
2019-11-29 16:12:05,731  INFO [main] LogReport:26 - 12/11/2019
2019-11-29 16:12:26,445  INFO [main] LogReport:26 - Chrome browser started...
2019-11-29 16:12:37,015  INFO [main] LogReport:26 - Application is open...
2019-11-29 16:12:37,155  INFO [main] LogReport:26 - STEP#1: Home page validation
2019-11-29 16:12:37,498  INFO [main] LogReport:26 - Successfully validated HOTELS
FLIGHTS
TOURS
TRANSFER
VISA
2019-11-29 16:12:37,498  INFO [main] LogReport:26 - STEP#2: Entering City name
2019-11-29 16:12:41,416  INFO [main] LogReport:26 - STEP#3: Selecting checkin date
2019-11-29 16:12:41,499  INFO [main] LogReport:26 - 11/29/2019
2019-11-29 16:12:41,503  INFO [main] LogReport:31 - 10
2019-11-29 16:12:41,505  INFO [main] LogReport:26 - 12/09/2019
2019-11-29 16:12:41,996  INFO [main] LogReport:26 - STEP#4: Selecting Checkout date
2019-11-29 16:12:42,063  INFO [main] LogReport:26 - 11/29/2019
2019-11-29 16:12:42,066  INFO [main] LogReport:31 - 12
2019-11-29 16:12:42,067  INFO [main] LogReport:26 - 12/11/2019
2019-11-29 16:13:06,602  INFO [main] LogReport:26 - Chrome browser started...
2019-11-29 16:13:16,815  INFO [main] LogReport:26 - Application is open...
2019-11-29 16:13:16,975  INFO [main] LogReport:26 - STEP#1: Home page validation
2019-11-29 16:13:17,363  INFO [main] LogReport:26 - Successfully validated HOTELS
FLIGHTS
TOURS
TRANSFER
VISA
2019-11-29 16:13:17,364  INFO [main] LogReport:26 - STEP#2: Entering City name
2019-11-29 16:13:21,184  INFO [main] LogReport:26 - STEP#3: Selecting checkin date
2019-11-29 16:13:21,249  INFO [main] LogReport:26 - 11/29/2019
2019-11-29 16:13:21,249  INFO [main] LogReport:31 - 10
2019-11-29 16:13:21,249  INFO [main] LogReport:26 - 12/09/2019
2019-11-29 16:13:21,518  INFO [main] LogReport:26 - STEP#4: Selecting Checkout date
2019-11-29 16:13:21,574  INFO [main] LogReport:26 - 11/29/2019
2019-11-29 16:13:21,574  INFO [main] LogReport:31 - 12
2019-11-29 16:13:21,574  INFO [main] LogReport:26 - 12/11/2019
2019-11-29 16:17:28,979  INFO [main] LogReport:26 - Chrome browser started...
2019-11-29 16:17:39,690  INFO [main] LogReport:26 - Application is open...
2019-11-29 16:17:39,821  INFO [main] LogReport:26 - STEP#1: Home page validation
2019-11-29 16:17:40,203  INFO [main] LogReport:26 - Successfully validated HOTELS
FLIGHTS
TOURS
TRANSFER
VISA
2019-11-29 16:17:40,204  INFO [main] LogReport:26 - STEP#2: Entering City name
2019-11-29 16:17:43,842  INFO [main] LogReport:26 - STEP#3: Selecting checkin date
2019-11-29 16:17:43,901  INFO [main] LogReport:26 - 11/29/2019
2019-11-29 16:17:43,902  INFO [main] LogReport:31 - 10
2019-11-29 16:17:43,904  INFO [main] LogReport:26 - 12/09/2019
2019-11-29 16:17:44,203  INFO [main] LogReport:26 - STEP#4: Selecting Checkout date
2019-11-29 16:17:44,259  INFO [main] LogReport:26 - 11/29/2019
2019-11-29 16:17:44,260  INFO [main] LogReport:31 - 12
2019-11-29 16:17:44,260  INFO [main] LogReport:26 - 12/11/2019
2019-11-29 16:17:44,524  INFO [main] LogReport:26 - STEP#4: Selecting Adults
2019-11-29 16:17:44,627  INFO [main] LogReport:26 - STEP#4: Selecting Adults
2019-11-29 16:17:44,726  INFO [main] LogReport:26 - STEP#5: clicking Search
2019-11-29 16:17:48,227  INFO [main] LogReport:26 - STEP#6: hotelpage validation
2019-11-29 16:18:24,130  INFO [main] LogReport:26 - Chrome browser started...
2019-11-29 16:18:32,605  INFO [main] LogReport:26 - Application is open...
2019-11-29 16:18:32,782  INFO [main] LogReport:26 - STEP#1: Home page validation
2019-11-29 16:18:33,302  INFO [main] LogReport:26 - Successfully validated HOTELS
FLIGHTS
TOURS
TRANSFER
VISA
2019-11-29 16:18:33,303  INFO [main] LogReport:26 - STEP#2: Entering City name
2019-11-29 16:18:37,130  INFO [main] LogReport:26 - STEP#3: Selecting checkin date
2019-11-29 16:18:37,199  INFO [main] LogReport:26 - 11/29/2019
2019-11-29 16:18:37,200  INFO [main] LogReport:31 - 10
2019-11-29 16:18:37,201  INFO [main] LogReport:26 - 12/09/2019
2019-11-29 16:18:37,965  INFO [main] LogReport:26 - STEP#4: Selecting Checkout date
2019-11-29 16:18:38,018  INFO [main] LogReport:26 - 11/29/2019
2019-11-29 16:18:38,018  INFO [main] LogReport:31 - 12
2019-11-29 16:18:38,019  INFO [main] LogReport:26 - 12/11/2019
2019-11-29 16:18:38,284  INFO [main] LogReport:26 - STEP#4: Selecting Adults
2019-11-29 16:18:38,419  INFO [main] LogReport:26 - STEP#4: Selecting Adults
2019-11-29 16:18:38,565  INFO [main] LogReport:26 - STEP#5: clicking Search
2019-11-29 16:18:41,742  INFO [main] LogReport:26 - STEP#6: hotelpage validation
2019-11-29 16:18:41,908  INFO [main] LogReport:26 - Successfully validated Bangalore
2019-11-29 16:18:41,909  INFO [main] LogReport:26 - STEP#7: Clicking on modify
2019-11-29 16:19:06,570  INFO [main] LogReport:26 - Chrome browser started...
2019-11-29 16:19:17,153  INFO [main] LogReport:26 - Application is open...
2019-11-29 16:19:17,337  INFO [main] LogReport:26 - STEP#1: Home page validation
2019-11-29 16:19:17,878  INFO [main] LogReport:26 - Successfully validated HOTELS
FLIGHTS
TOURS
TRANSFER
VISA
2019-11-29 16:19:17,878  INFO [main] LogReport:26 - STEP#2: Entering City name
2019-11-29 16:19:21,577  INFO [main] LogReport:26 - STEP#3: Selecting checkin date
2019-11-29 16:19:21,637  INFO [main] LogReport:26 - 11/29/2019
2019-11-29 16:19:21,637  INFO [main] LogReport:31 - 10
2019-11-29 16:19:21,637  INFO [main] LogReport:26 - 12/09/2019
2019-11-29 16:19:22,284  INFO [main] LogReport:26 - STEP#4: Selecting Checkout date
2019-11-29 16:19:22,338  INFO [main] LogReport:26 - 11/29/2019
2019-11-29 16:19:22,338  INFO [main] LogReport:31 - 12
2019-11-29 16:19:22,339  INFO [main] LogReport:26 - 12/11/2019
2019-11-29 16:19:22,566  INFO [main] LogReport:26 - STEP#4: Selecting Adults
2019-11-29 16:19:22,662  INFO [main] LogReport:26 - STEP#4: Selecting Adults
2019-11-29 16:19:22,746  INFO [main] LogReport:26 - STEP#5: clicking Search
2019-11-29 16:19:25,945  INFO [main] LogReport:26 - STEP#6: hotelpage validation
2019-11-29 16:19:26,074  INFO [main] LogReport:26 - Successfully validated Bangalore
2019-11-29 16:19:26,075  INFO [main] LogReport:26 - STEP#7: Clicking on modify
2019-11-29 16:20:46,504  INFO [main] LogReport:26 - Chrome browser started...
2019-11-29 16:20:56,809  INFO [main] LogReport:26 - Application is open...
2019-11-29 16:20:56,982  INFO [main] LogReport:26 - STEP#1: Home page validation
2019-11-29 16:20:57,351  INFO [main] LogReport:26 - Successfully validated HOTELS
FLIGHTS
TOURS
TRANSFER
VISA
2019-11-29 16:20:57,352  INFO [main] LogReport:26 - STEP#2: Entering City name
2019-11-29 16:21:00,929  INFO [main] LogReport:26 - STEP#3: Selecting checkin date
2019-11-29 16:21:00,992  INFO [main] LogReport:26 - 11/29/2019
2019-11-29 16:21:00,993  INFO [main] LogReport:31 - 10
2019-11-29 16:21:00,996  INFO [main] LogReport:26 - 12/09/2019
2019-11-29 16:21:01,282  INFO [main] LogReport:26 - STEP#4: Selecting Checkout date
2019-11-29 16:21:01,340  INFO [main] LogReport:26 - 11/29/2019
2019-11-29 16:21:01,340  INFO [main] LogReport:31 - 12
2019-11-29 16:21:01,341  INFO [main] LogReport:26 - 12/11/2019
2019-11-29 16:21:01,622  INFO [main] LogReport:26 - STEP#4: Selecting Adults
2019-11-29 16:21:01,754  INFO [main] LogReport:26 - STEP#4: Selecting Adults
2019-11-29 16:21:01,875  INFO [main] LogReport:26 - STEP#5: clicking Search
2019-11-29 16:21:09,968  INFO [main] LogReport:26 - STEP#6: hotelpage validation
2019-11-29 16:21:10,110  INFO [main] LogReport:26 - Successfully validated Bangalore
2019-11-29 16:21:10,111  INFO [main] LogReport:26 - STEP#7: Clicking on modify
2019-11-29 16:21:57,268  INFO [main] LogReport:26 - Chrome browser started...
2019-11-29 16:22:08,415  INFO [main] LogReport:26 - Application is open...
2019-11-29 16:22:08,569  INFO [main] LogReport:26 - STEP#1: Home page validation
2019-11-29 16:22:08,922  INFO [main] LogReport:26 - Successfully validated HOTELS
FLIGHTS
TOURS
TRANSFER
VISA
2019-11-29 16:22:08,923  INFO [main] LogReport:26 - STEP#2: Entering City name
2019-11-29 16:22:12,560  INFO [main] LogReport:26 - STEP#3: Selecting checkin date
2019-11-29 16:22:12,620  INFO [main] LogReport:26 - 11/29/2019
2019-11-29 16:22:12,621  INFO [main] LogReport:31 - 10
2019-11-29 16:22:12,622  INFO [main] LogReport:26 - 12/09/2019
2019-11-29 16:22:12,905  INFO [main] LogReport:26 - STEP#4: Selecting Checkout date
2019-11-29 16:22:12,959  INFO [main] LogReport:26 - 11/29/2019
2019-11-29 16:22:12,960  INFO [main] LogReport:31 - 12
2019-11-29 16:22:12,960  INFO [main] LogReport:26 - 12/11/2019
2019-11-29 16:22:13,228  INFO [main] LogReport:26 - STEP#4: Selecting Adults
2019-11-29 16:22:13,320  INFO [main] LogReport:26 - STEP#4: Selecting Adults
2019-11-29 16:22:13,417  INFO [main] LogReport:26 - STEP#5: clicking Search
2019-11-29 16:22:21,774  INFO [main] LogReport:26 - STEP#6: hotelpage validation
2019-11-29 16:22:21,901  INFO [main] LogReport:26 - Successfully validated Bangalore
2019-11-29 16:22:21,902  INFO [main] LogReport:26 - STEP#7: Clicking on modify
2019-11-29 16:25:30,186  INFO [main] LogReport:26 - Chrome browser started...
2019-11-29 16:25:42,482  INFO [main] LogReport:26 - Application is open...
2019-11-29 16:25:42,644  INFO [main] LogReport:26 - STEP#1: Home page validation
2019-11-29 16:25:43,205  INFO [main] LogReport:26 - Successfully validated HOTELS
FLIGHTS
TOURS
TRANSFER
VISA
2019-11-29 16:25:43,206  INFO [main] LogReport:26 - STEP#2: Entering City name
2019-11-29 16:25:47,259  INFO [main] LogReport:26 - STEP#3: Selecting checkin date
2019-11-29 16:25:47,330  INFO [main] LogReport:26 - 11/29/2019
2019-11-29 16:25:47,331  INFO [main] LogReport:31 - 10
2019-11-29 16:25:47,332  INFO [main] LogReport:26 - 12/09/2019
2019-11-29 16:25:47,594  INFO [main] LogReport:26 - STEP#4: Selecting Checkout date
2019-11-29 16:25:47,653  INFO [main] LogReport:26 - 11/29/2019
2019-11-29 16:25:47,654  INFO [main] LogReport:31 - 12
2019-11-29 16:25:47,654  INFO [main] LogReport:26 - 12/11/2019
2019-11-29 16:25:47,894  INFO [main] LogReport:26 - STEP#4: Selecting Adults
2019-11-29 16:25:47,986  INFO [main] LogReport:26 - STEP#4: Selecting Adults
2019-11-29 16:25:48,074  INFO [main] LogReport:26 - STEP#5: clicking Search
2019-11-29 16:25:56,678  INFO [main] LogReport:26 - STEP#6: hotelpage validation
2019-11-29 16:25:56,822  INFO [main] LogReport:26 - Successfully validated Bangalore
2019-11-29 16:25:56,823  INFO [main] LogReport:26 - STEP#7: Clicking on modify
2019-11-29 16:25:57,013  INFO [main] LogReport:26 - STEP#7: Clicking on view more
2019-11-29 16:27:13,482  INFO [main] LogReport:26 - Chrome browser started...
2019-11-29 16:27:24,082  INFO [main] LogReport:26 - Application is open...
2019-11-29 16:27:24,257  INFO [main] LogReport:26 - STEP#1: Home page validation
2019-11-29 16:27:24,640  INFO [main] LogReport:26 - Successfully validated HOTELS
FLIGHTS
TOURS
TRANSFER
VISA
2019-11-29 16:27:24,641  INFO [main] LogReport:26 - STEP#2: Entering City name
2019-11-29 16:27:28,395  INFO [main] LogReport:26 - STEP#3: Selecting checkin date
2019-11-29 16:27:28,464  INFO [main] LogReport:26 - 11/29/2019
2019-11-29 16:27:28,466  INFO [main] LogReport:31 - 10
2019-11-29 16:27:28,466  INFO [main] LogReport:26 - 12/09/2019
2019-11-29 16:27:28,781  INFO [main] LogReport:26 - STEP#4: Selecting Checkout date
2019-11-29 16:27:28,840  INFO [main] LogReport:26 - 11/29/2019
2019-11-29 16:27:28,841  INFO [main] LogReport:31 - 12
2019-11-29 16:27:28,841  INFO [main] LogReport:26 - 12/11/2019
2019-11-29 16:27:29,248  INFO [main] LogReport:26 - STEP#4: Selecting Adults
2019-11-29 16:27:29,378  INFO [main] LogReport:26 - STEP#4: Selecting Adults
2019-11-29 16:27:29,466  INFO [main] LogReport:26 - STEP#5: clicking Search
2019-11-29 16:27:37,331  INFO [main] LogReport:26 - STEP#6: hotelpage validation
2019-11-29 16:27:37,491  INFO [main] LogReport:26 - Successfully validated Bangalore
2019-11-29 16:27:37,491  INFO [main] LogReport:26 - STEP#7: Clicking on modify
2019-11-29 16:27:37,658  INFO [main] LogReport:26 - STEP#7: Clicking on view more
2019-11-29 16:28:15,452  INFO [main] LogReport:26 - Chrome browser started...
2019-11-29 16:28:26,098  INFO [main] LogReport:26 - Application is open...
2019-11-29 16:28:26,251  INFO [main] LogReport:26 - STEP#1: Home page validation
2019-11-29 16:28:26,597  INFO [main] LogReport:26 - Successfully validated HOTELS
FLIGHTS
TOURS
TRANSFER
VISA
2019-11-29 16:28:26,598  INFO [main] LogReport:26 - STEP#2: Entering City name
2019-11-29 16:28:30,218  INFO [main] LogReport:26 - STEP#3: Selecting checkin date
2019-11-29 16:28:30,285  INFO [main] LogReport:26 - 11/29/2019
2019-11-29 16:28:30,286  INFO [main] LogReport:31 - 10
2019-11-29 16:28:30,286  INFO [main] LogReport:26 - 12/09/2019
2019-11-29 16:28:30,544  INFO [main] LogReport:26 - STEP#4: Selecting Checkout date
2019-11-29 16:28:30,605  INFO [main] LogReport:26 - 11/29/2019
2019-11-29 16:28:30,606  INFO [main] LogReport:31 - 12
2019-11-29 16:28:30,606  INFO [main] LogReport:26 - 12/11/2019
2019-11-29 16:28:30,994  INFO [main] LogReport:26 - STEP#4: Selecting Adults
2019-11-29 16:28:31,090  INFO [main] LogReport:26 - STEP#4: Selecting Adults
2019-11-29 16:28:31,174  INFO [main] LogReport:26 - STEP#5: clicking Search
2019-11-29 16:28:38,807  INFO [main] LogReport:26 - STEP#6: hotelpage validation
2019-11-29 16:28:38,929  INFO [main] LogReport:26 - Successfully validated Bangalore
2019-11-29 16:28:38,930  INFO [main] LogReport:26 - STEP#7: Clicking on modify
2019-11-29 16:28:39,065  INFO [main] LogReport:26 - STEP#7: Clicking on view more
2019-11-29 16:29:04,891  INFO [main] LogReport:26 - Chrome browser started...
2019-11-29 16:29:15,648  INFO [main] LogReport:26 - Application is open...
2019-11-29 16:29:15,829  INFO [main] LogReport:26 - STEP#1: Home page validation
2019-11-29 16:29:16,355  INFO [main] LogReport:26 - Successfully validated HOTELS
FLIGHTS
TOURS
TRANSFER
VISA
2019-11-29 16:29:16,356  INFO [main] LogReport:26 - STEP#2: Entering City name
2019-11-29 16:29:20,103  INFO [main] LogReport:26 - STEP#3: Selecting checkin date
2019-11-29 16:29:20,165  INFO [main] LogReport:26 - 11/29/2019
2019-11-29 16:29:20,167  INFO [main] LogReport:31 - 10
2019-11-29 16:29:20,167  INFO [main] LogReport:26 - 12/09/2019
2019-11-29 16:29:20,503  INFO [main] LogReport:26 - STEP#4: Selecting Checkout date
2019-11-29 16:29:20,559  INFO [main] LogReport:26 - 11/29/2019
2019-11-29 16:29:20,559  INFO [main] LogReport:31 - 12
2019-11-29 16:29:20,560  INFO [main] LogReport:26 - 12/11/2019
2019-11-29 16:29:20,815  INFO [main] LogReport:26 - STEP#4: Selecting Adults
2019-11-29 16:29:20,900  INFO [main] LogReport:26 - STEP#4: Selecting Adults
2019-11-29 16:29:21,000  INFO [main] LogReport:26 - STEP#5: clicking Search
2019-11-29 16:29:28,732  INFO [main] LogReport:26 - STEP#6: hotelpage validation
2019-11-29 16:29:28,892  INFO [main] LogReport:26 - Successfully validated Bangalore
2019-11-29 16:29:28,893  INFO [main] LogReport:26 - STEP#7: Clicking on modify
2019-11-29 16:29:29,088  INFO [main] LogReport:26 - STEP#7: Clicking on view more
2019-11-29 16:29:54,574  INFO [main] LogReport:26 - Chrome browser started...
2019-11-29 16:30:04,383  INFO [main] LogReport:26 - Application is open...
2019-11-29 16:30:04,528  INFO [main] LogReport:26 - STEP#1: Home page validation
2019-11-29 16:30:04,889  INFO [main] LogReport:26 - Successfully validated HOTELS
FLIGHTS
TOURS
TRANSFER
VISA
2019-11-29 16:30:04,890  INFO [main] LogReport:26 - STEP#2: Entering City name
2019-11-29 16:30:08,753  INFO [main] LogReport:26 - STEP#3: Selecting checkin date
2019-11-29 16:30:08,822  INFO [main] LogReport:26 - 11/29/2019
2019-11-29 16:30:08,822  INFO [main] LogReport:31 - 10
2019-11-29 16:30:08,823  INFO [main] LogReport:26 - 12/09/2019
2019-11-29 16:30:09,206  INFO [main] LogReport:26 - STEP#4: Selecting Checkout date
2019-11-29 16:30:09,265  INFO [main] LogReport:26 - 11/29/2019
2019-11-29 16:30:09,266  INFO [main] LogReport:31 - 12
2019-11-29 16:30:09,266  INFO [main] LogReport:26 - 12/11/2019
2019-11-29 16:30:09,559  INFO [main] LogReport:26 - STEP#4: Selecting Adults
2019-11-29 16:30:09,660  INFO [main] LogReport:26 - STEP#4: Selecting Adults
2019-11-29 16:30:09,742  INFO [main] LogReport:26 - STEP#5: clicking Search
2019-11-29 16:30:20,189  INFO [main] LogReport:26 - STEP#6: hotelpage validation
2019-11-29 16:30:20,288  INFO [main] LogReport:26 - Successfully validated Bangalore
2019-11-29 16:30:20,288  INFO [main] LogReport:26 - STEP#7: Clicking on modify
2019-11-29 16:30:20,467  INFO [main] LogReport:26 - STEP#7: Clicking on view more
2019-11-29 16:31:13,414  INFO [main] LogReport:26 - Chrome browser started...
2019-11-29 16:31:23,824  INFO [main] LogReport:26 - Application is open...
2019-11-29 16:31:23,987  INFO [main] LogReport:26 - STEP#1: Home page validation
2019-11-29 16:31:24,400  INFO [main] LogReport:26 - Successfully validated HOTELS
FLIGHTS
TOURS
TRANSFER
VISA
2019-11-29 16:31:24,401  INFO [main] LogReport:26 - STEP#2: Entering City name
2019-11-29 16:31:28,059  INFO [main] LogReport:26 - STEP#3: Selecting checkin date
2019-11-29 16:31:28,129  INFO [main] LogReport:26 - 11/29/2019
2019-11-29 16:31:28,129  INFO [main] LogReport:31 - 10
2019-11-29 16:31:28,130  INFO [main] LogReport:26 - 12/09/2019
2019-11-29 16:31:28,425  INFO [main] LogReport:26 - STEP#4: Selecting Checkout date
2019-11-29 16:31:28,478  INFO [main] LogReport:26 - 11/29/2019
2019-11-29 16:31:28,478  INFO [main] LogReport:31 - 12
2019-11-29 16:31:28,479  INFO [main] LogReport:26 - 12/11/2019
2019-11-29 16:31:28,705  INFO [main] LogReport:26 - STEP#4: Selecting Adults
2019-11-29 16:31:28,795  INFO [main] LogReport:26 - STEP#4: Selecting Adults
2019-11-29 16:31:28,877  INFO [main] LogReport:26 - STEP#5: clicking Search
2019-11-29 16:31:35,497  INFO [main] LogReport:26 - STEP#6: hotelpage validation
2019-11-29 16:31:35,608  INFO [main] LogReport:26 - Successfully validated Bangalore
2019-11-29 16:31:35,608  INFO [main] LogReport:26 - STEP#7: Clicking on modify
2019-11-29 16:31:35,740  INFO [main] LogReport:26 - STEP#7: Clicking on view more
2019-11-29 16:33:26,653  INFO [main] LogReport:26 - Chrome browser started...
2019-11-29 16:33:36,370  INFO [main] LogReport:26 - Application is open...
2019-11-29 16:33:36,516  INFO [main] LogReport:26 - STEP#1: Home page validation
2019-11-29 16:33:37,043  INFO [main] LogReport:26 - Successfully validated HOTELS
FLIGHTS
TOURS
TRANSFER
VISA
2019-11-29 16:33:37,043  INFO [main] LogReport:26 - STEP#2: Entering City name
2019-11-29 16:33:40,873  INFO [main] LogReport:26 - STEP#3: Selecting checkin date
2019-11-29 16:33:40,934  INFO [main] LogReport:26 - 11/29/2019
2019-11-29 16:33:40,935  INFO [main] LogReport:31 - 10
2019-11-29 16:33:40,935  INFO [main] LogReport:26 - 12/09/2019
2019-11-29 16:33:41,329  INFO [main] LogReport:26 - STEP#4: Selecting Checkout date
2019-11-29 16:33:41,382  INFO [main] LogReport:26 - 11/29/2019
2019-11-29 16:33:41,382  INFO [main] LogReport:31 - 12
2019-11-29 16:33:41,383  INFO [main] LogReport:26 - 12/11/2019
2019-11-29 16:33:41,690  INFO [main] LogReport:26 - STEP#4: Selecting Adults
2019-11-29 16:33:41,794  INFO [main] LogReport:26 - STEP#4: Selecting Adults
2019-11-29 16:33:41,902  INFO [main] LogReport:26 - STEP#5: clicking Search
2019-11-29 16:33:53,666  INFO [main] LogReport:26 - STEP#6: hotelpage validation
2019-11-29 16:33:53,821  INFO [main] LogReport:26 - Successfully validated Bangalore
2019-11-29 16:33:53,821  INFO [main] LogReport:26 - STEP#7: Clicking on modify
2019-11-29 16:33:54,072  INFO [main] LogReport:26 - STEP#7: Clicking on view more
2019-11-29 16:38:22,460  INFO [main] LogReport:26 - Chrome browser started...
2019-11-29 16:38:33,407  INFO [main] LogReport:26 - Application is open...
2019-11-29 16:38:33,556  INFO [main] LogReport:26 - STEP#1: Home page validation
2019-11-29 16:38:34,011  INFO [main] LogReport:26 - Successfully validated HOTELS
FLIGHTS
TOURS
TRANSFER
VISA
2019-11-29 16:38:34,013  INFO [main] LogReport:26 - STEP#2: Entering City name
2019-11-29 16:38:37,640  INFO [main] LogReport:26 - STEP#3: Selecting checkin date
2019-11-29 16:38:37,701  INFO [main] LogReport:26 - 11/29/2019
2019-11-29 16:38:37,702  INFO [main] LogReport:31 - 10
2019-11-29 16:38:37,702  INFO [main] LogReport:26 - 12/09/2019
2019-11-29 16:38:38,057  INFO [main] LogReport:26 - STEP#4: Selecting Checkout date
2019-11-29 16:38:38,111  INFO [main] LogReport:26 - 11/29/2019
2019-11-29 16:38:38,111  INFO [main] LogReport:31 - 12
2019-11-29 16:38:38,112  INFO [main] LogReport:26 - 12/11/2019
2019-11-29 16:38:38,416  INFO [main] LogReport:26 - STEP#4: Selecting Adults
2019-11-29 16:38:38,611  INFO [main] LogReport:26 - STEP#4: Selecting Children
2019-11-29 16:38:38,828  INFO [main] LogReport:26 - STEP#5: clicking Search
2019-11-29 16:38:45,060  INFO [main] LogReport:26 - STEP#6: hotelpage validation
2019-11-29 16:38:45,211  INFO [main] LogReport:26 - Successfully validated Bangalore
2019-11-29 16:38:45,212  INFO [main] LogReport:26 - STEP#7: Clicking on modify
2019-11-29 16:38:45,370  INFO [main] LogReport:26 - STEP#7: Clicking on view more
2019-11-29 16:47:05,562  INFO [main] LogReport:26 - Chrome browser started...
2019-11-29 16:49:20,589  INFO [main] LogReport:26 - Chrome browser started...
2019-11-29 16:49:41,095  INFO [main] LogReport:26 - Application is open...
2019-11-29 16:49:41,225  INFO [main] LogReport:26 - STEP#1: Home page validation
2019-11-29 16:49:58,861  INFO [main] LogReport:26 - Chrome browser started...
2019-11-29 16:50:13,216  INFO [main] LogReport:26 - Application is open...
2019-11-29 16:50:13,387  INFO [main] LogReport:26 - STEP#1: Home page validation
2019-11-29 16:50:13,837  INFO [main] LogReport:26 - Successfully validated HOTELS
FLIGHTS
TOURS
TRANSFER
VISA
2019-11-29 16:50:13,838  INFO [main] LogReport:26 - STEP#2: Entering City name
2019-11-29 16:50:17,519  INFO [main] LogReport:26 - STEP#3: Selecting checkin date
2019-11-29 16:50:17,579  INFO [main] LogReport:26 - 11/29/2019
2019-11-29 16:50:17,580  INFO [main] LogReport:31 - 10
2019-11-29 16:50:17,580  INFO [main] LogReport:26 - 12/09/2019
2019-11-29 16:50:17,849  INFO [main] LogReport:26 - STEP#4: Selecting Checkout date
2019-11-29 16:50:17,904  INFO [main] LogReport:26 - 11/29/2019
2019-11-29 16:50:17,905  INFO [main] LogReport:31 - 12
2019-11-29 16:50:17,905  INFO [main] LogReport:26 - 12/11/2019
2019-11-29 16:50:18,164  INFO [main] LogReport:26 - STEP#4: Selecting Adults
2019-11-29 16:50:18,335  INFO [main] LogReport:26 - STEP#4: Selecting Children
2019-11-29 16:50:18,500  INFO [main] LogReport:26 - STEP#5: clicking Search
2019-11-29 16:50:26,783  INFO [main] LogReport:26 - STEP#6: hotelpage validation
2019-11-29 16:50:26,899  INFO [main] LogReport:26 - Successfully validated Bangalore
2019-11-29 16:50:26,899  INFO [main] LogReport:26 - STEP#7: Clicking on modify
2019-11-29 16:50:27,049  INFO [main] LogReport:26 - STEP#7: Clicking on view more
2019-11-29 16:51:22,486  INFO [main] LogReport:26 - Chrome browser started...
2019-11-29 16:51:36,544  INFO [main] LogReport:26 - Application is open...
2019-11-29 16:51:36,667  INFO [main] LogReport:26 - STEP#1: Home page validation
2019-11-29 16:51:37,025  INFO [main] LogReport:26 - Successfully validated HOTELS
FLIGHTS
TOURS
TRANSFER
VISA
2019-11-29 16:51:37,026  INFO [main] LogReport:26 - STEP#2: Entering City name
2019-11-29 16:51:40,825  INFO [main] LogReport:26 - STEP#3: Selecting checkin date
2019-11-29 16:51:40,901  INFO [main] LogReport:26 - 11/29/2019
2019-11-29 16:51:40,903  INFO [main] LogReport:31 - 10
2019-11-29 16:51:40,904  INFO [main] LogReport:26 - 12/09/2019
2019-11-29 16:51:41,187  INFO [main] LogReport:26 - STEP#4: Selecting Checkout date
2019-11-29 16:51:41,254  INFO [main] LogReport:26 - 11/29/2019
2019-11-29 16:51:41,255  INFO [main] LogReport:31 - 12
2019-11-29 16:51:41,256  INFO [main] LogReport:26 - 12/11/2019
2019-11-29 16:51:41,649  INFO [main] LogReport:26 - STEP#4: Selecting Adults
2019-11-29 16:51:41,907  INFO [main] LogReport:26 - STEP#4: Selecting Children
2019-11-29 16:51:42,095  INFO [main] LogReport:26 - STEP#5: clicking Search
2019-11-29 16:51:48,945  INFO [main] LogReport:26 - STEP#6: hotelpage validation
2019-11-29 16:51:49,080  INFO [main] LogReport:26 - Successfully validated Bangalore
2019-11-29 16:51:49,081  INFO [main] LogReport:26 - STEP#7: Clicking on modify
2019-11-29 16:51:49,233  INFO [main] LogReport:26 - STEP#7: Clicking on view more
2019-11-29 16:52:19,034  INFO [main] LogReport:26 - Chrome browser started...
2019-11-29 16:52:29,576  INFO [main] LogReport:26 - Application is open...
2019-11-29 16:52:29,736  INFO [main] LogReport:26 - STEP#1: Home page validation
2019-11-29 16:52:30,085  INFO [main] LogReport:26 - Successfully validated HOTELS
FLIGHTS
TOURS
TRANSFER
VISA
2019-11-29 16:52:30,086  INFO [main] LogReport:26 - STEP#2: Entering City name
2019-11-29 16:52:33,803  INFO [main] LogReport:26 - STEP#3: Selecting checkin date
2019-11-29 16:52:33,884  INFO [main] LogReport:26 - 11/29/2019
2019-11-29 16:52:33,885  INFO [main] LogReport:31 - 10
2019-11-29 16:52:33,886  INFO [main] LogReport:26 - 12/09/2019
2019-11-29 16:52:34,163  INFO [main] LogReport:26 - STEP#4: Selecting Checkout date
2019-11-29 16:52:34,216  INFO [main] LogReport:26 - 11/29/2019
2019-11-29 16:52:34,217  INFO [main] LogReport:31 - 12
2019-11-29 16:52:34,217  INFO [main] LogReport:26 - 12/11/2019
2019-11-29 16:52:34,508  INFO [main] LogReport:26 - STEP#4: Selecting Adults
2019-11-29 16:52:34,680  INFO [main] LogReport:26 - STEP#4: Selecting Children
2019-11-29 16:52:34,907  INFO [main] LogReport:26 - STEP#5: clicking Search
2019-11-29 16:52:58,841  INFO [main] LogReport:26 - STEP#6: hotelpage validation
2019-11-29 16:52:58,941  INFO [main] LogReport:26 - Successfully validated Bangalore
2019-11-29 16:52:58,941  INFO [main] LogReport:26 - STEP#7: Clicking on modify
2019-11-29 16:52:59,048  INFO [main] LogReport:26 - STEP#7: Clicking on view more
2019-11-29 16:55:07,241  INFO [main] LogReport:26 - Chrome browser started...
2019-11-29 16:55:18,140  INFO [main] LogReport:26 - Application is open...
2019-11-29 16:55:18,316  INFO [main] LogReport:26 - STEP#1: Home page validation
2019-11-29 16:55:18,765  INFO [main] LogReport:26 - Successfully validated HOTELS
FLIGHTS
TOURS
TRANSFER
VISA
2019-11-29 16:55:18,766  INFO [main] LogReport:26 - STEP#2: Entering City name
2019-11-29 16:55:22,558  INFO [main] LogReport:26 - STEP#3: Selecting checkin date
2019-11-29 16:55:22,620  INFO [main] LogReport:26 - 11/29/2019
2019-11-29 16:55:22,621  INFO [main] LogReport:31 - 10
2019-11-29 16:55:22,621  INFO [main] LogReport:26 - 12/09/2019
2019-11-29 16:55:22,903  INFO [main] LogReport:26 - STEP#4: Selecting Checkout date
2019-11-29 16:55:22,959  INFO [main] LogReport:26 - 11/29/2019
2019-11-29 16:55:22,960  INFO [main] LogReport:31 - 12
2019-11-29 16:55:22,960  INFO [main] LogReport:26 - 12/11/2019
2019-11-29 16:55:23,190  INFO [main] LogReport:26 - STEP#4: Selecting Adults
2019-11-29 16:55:23,398  INFO [main] LogReport:26 - STEP#4: Selecting Children
2019-11-29 16:55:23,619  INFO [main] LogReport:26 - STEP#5: clicking Search
2019-11-29 16:55:28,344  INFO [main] LogReport:26 - STEP#6: hotelpage validation
2019-11-29 17:08:36,584  INFO [main] LogReport:26 - Chrome browser started...
2019-11-29 17:08:47,216  INFO [main] LogReport:26 - Application is open...
2019-11-29 17:08:47,345  INFO [main] LogReport:26 - STEP#1: Home page validation
2019-11-29 17:08:47,713  INFO [main] LogReport:26 - Successfully validated HOTELS
FLIGHTS
TOURS
TRANSFER
VISA
2019-11-29 17:08:47,714  INFO [main] LogReport:26 - STEP#2: Entering City name
2019-11-29 17:08:51,322  INFO [main] LogReport:26 - STEP#3: Selecting checkin date
2019-11-29 17:08:51,391  INFO [main] LogReport:26 - 11/29/2019
2019-11-29 17:08:51,410  INFO [main] LogReport:31 - 10
2019-11-29 17:08:51,412  INFO [main] LogReport:26 - 12/09/2019
2019-11-29 17:08:51,662  INFO [main] LogReport:26 - STEP#4: Selecting Checkout date
2019-11-29 17:08:51,735  INFO [main] LogReport:26 - 11/29/2019
2019-11-29 17:08:51,736  INFO [main] LogReport:31 - 12
2019-11-29 17:08:51,736  INFO [main] LogReport:26 - 12/11/2019
2019-11-29 17:08:51,987  INFO [main] LogReport:26 - STEP#4: Selecting Adults
2019-11-29 17:08:52,194  INFO [main] LogReport:26 - STEP#4: Selecting Children
2019-11-29 17:08:52,411  INFO [main] LogReport:26 - STEP#5: clicking Search
2019-11-29 17:09:01,442  INFO [main] LogReport:26 - STEP#6: hotelpage validation
2019-11-29 17:09:01,568  INFO [main] LogReport:26 - Successfully validated Bangalore
2019-11-29 17:09:01,573  INFO [main] LogReport:26 - STEP#7: Clicking on modify
2019-11-29 17:09:01,730  INFO [main] LogReport:26 - STEP#7: Clicking on view more
2019-11-29 17:09:06,767  INFO [main] LogReport:26 - STEP#9: Quiting Driver
2019-11-29 17:15:24,074  INFO [TestNG-tests-1] LogReport:26 - Chrome browser started...
2019-11-29 17:15:35,191  INFO [TestNG-tests-1] LogReport:26 - Application is open...
2019-11-29 17:15:35,332  INFO [TestNG-tests-1] LogReport:26 - STEP#1: Home page validation
2019-11-29 17:15:35,676  INFO [TestNG-tests-1] LogReport:26 - Successfully validated HOTELS
FLIGHTS
TOURS
TRANSFER
VISA
2019-11-29 17:15:35,676  INFO [TestNG-tests-1] LogReport:26 - STEP#2: Entering City name
2019-11-29 17:15:39,495  INFO [TestNG-tests-1] LogReport:26 - STEP#3: Selecting checkin date
2019-11-29 17:15:39,566  INFO [TestNG-tests-1] LogReport:26 - 11/29/2019
2019-11-29 17:15:39,570  INFO [TestNG-tests-1] LogReport:31 - 10
2019-11-29 17:15:39,571  INFO [TestNG-tests-1] LogReport:26 - 12/09/2019
2019-11-29 17:15:39,879  INFO [TestNG-tests-1] LogReport:26 - STEP#4: Selecting Checkout date
2019-11-29 17:15:39,937  INFO [TestNG-tests-1] LogReport:26 - 11/29/2019
2019-11-29 17:15:39,937  INFO [TestNG-tests-1] LogReport:31 - 12
2019-11-29 17:15:39,938  INFO [TestNG-tests-1] LogReport:26 - 12/11/2019
2019-11-29 17:15:40,169  INFO [TestNG-tests-1] LogReport:26 - STEP#4: Selecting Adults
2019-11-29 17:15:40,362  INFO [TestNG-tests-1] LogReport:26 - STEP#4: Selecting Children
2019-11-29 17:15:40,561  INFO [TestNG-tests-1] LogReport:26 - STEP#5: clicking Search
2019-11-29 17:15:49,119  INFO [TestNG-tests-1] LogReport:26 - STEP#6: hotelpage validation
2019-11-29 17:15:49,297  INFO [TestNG-tests-1] LogReport:26 - Successfully validated Bangalore
2019-11-29 17:15:49,298  INFO [TestNG-tests-1] LogReport:26 - STEP#7: Clicking on modify
2019-11-29 17:15:49,439  INFO [TestNG-tests-1] LogReport:26 - STEP#7: Clicking on view more
2019-11-29 17:15:54,844  INFO [TestNG-tests-1] LogReport:26 - STEP#9: Quiting Driver
2019-11-29 17:18:31,200  INFO [TestNG-tests-1] LogReport:26 - Chrome browser started...
2019-11-29 17:18:41,169  INFO [TestNG-tests-1] LogReport:26 - Application is open...
2019-11-29 17:18:41,371  INFO [TestNG-tests-1] LogReport:26 - STEP#1: Home page validation
2019-11-29 17:18:42,026  INFO [TestNG-tests-1] LogReport:26 - Successfully validated HOTELS
FLIGHTS
TOURS
TRANSFER
VISA
2019-11-29 17:18:42,027  INFO [TestNG-tests-1] LogReport:26 - STEP#2: Entering City name
2019-11-29 17:18:45,923  INFO [TestNG-tests-1] LogReport:26 - STEP#3: Selecting checkin date
2019-11-29 17:18:45,984  INFO [TestNG-tests-1] LogReport:26 - 11/29/2019
2019-11-29 17:18:45,984  INFO [TestNG-tests-1] LogReport:31 - 10
2019-11-29 17:18:45,985  INFO [TestNG-tests-1] LogReport:26 - 12/09/2019
2019-11-29 17:18:46,365  INFO [TestNG-tests-1] LogReport:26 - STEP#4: Selecting Checkout date
2019-11-29 17:18:46,420  INFO [TestNG-tests-1] LogReport:26 - 11/29/2019
2019-11-29 17:18:46,421  INFO [TestNG-tests-1] LogReport:31 - 12
2019-11-29 17:18:46,422  INFO [TestNG-tests-1] LogReport:26 - 12/11/2019
2019-11-29 17:18:46,691  INFO [TestNG-tests-1] LogReport:26 - STEP#4: Selecting Adults
2019-11-29 17:18:46,881  INFO [TestNG-tests-1] LogReport:26 - STEP#4: Selecting Children
2019-11-29 17:18:47,064  INFO [TestNG-tests-1] LogReport:26 - STEP#5: clicking Search
2019-11-29 17:18:55,679  INFO [TestNG-tests-1] LogReport:26 - STEP#6: hotelpage validation
2019-11-29 17:18:55,812  INFO [TestNG-tests-1] LogReport:26 - Successfully validated Bangalore
2019-11-29 17:18:55,813  INFO [TestNG-tests-1] LogReport:26 - STEP#7: Clicking on modify
2019-11-29 17:18:56,027  INFO [TestNG-tests-1] LogReport:26 - STEP#7: Clicking on view more
2019-11-29 17:19:01,234  INFO [TestNG-tests-1] LogReport:26 - STEP#9: Quiting Driver
2019-11-29 17:19:51,171  INFO [TestNG-tests-1] LogReport:26 - Chrome browser started...
2019-11-29 17:20:01,668  INFO [TestNG-tests-1] LogReport:26 - Application is open...
2019-11-29 17:20:01,784  INFO [TestNG-tests-1] LogReport:26 - STEP#1: Home page validation
2019-11-29 17:20:02,282  INFO [TestNG-tests-1] LogReport:26 - Successfully validated HOTELS
FLIGHTS
TOURS
TRANSFER
VISA
2019-11-29 17:20:02,285  INFO [TestNG-tests-1] LogReport:26 - STEP#2: Entering City name
2019-11-29 17:20:06,054  INFO [TestNG-tests-1] LogReport:26 - STEP#3: Selecting checkin date
2019-11-29 17:20:06,115  INFO [TestNG-tests-1] LogReport:26 - 11/29/2019
2019-11-29 17:20:06,115  INFO [TestNG-tests-1] LogReport:31 - 10
2019-11-29 17:20:06,116  INFO [TestNG-tests-1] LogReport:26 - 12/09/2019
2019-11-29 17:20:06,383  INFO [TestNG-tests-1] LogReport:26 - STEP#4: Selecting Checkout date
2019-11-29 17:20:06,445  INFO [TestNG-tests-1] LogReport:26 - 11/29/2019
2019-11-29 17:20:06,445  INFO [TestNG-tests-1] LogReport:31 - 12
2019-11-29 17:20:06,446  INFO [TestNG-tests-1] LogReport:26 - 12/11/2019
2019-11-29 17:20:06,686  INFO [TestNG-tests-1] LogReport:26 - STEP#4: Selecting Adults
2019-11-29 17:20:06,868  INFO [TestNG-tests-1] LogReport:26 - STEP#4: Selecting Children
2019-11-29 17:20:07,054  INFO [TestNG-tests-1] LogReport:26 - STEP#5: clicking Search
2019-11-29 17:20:15,667  INFO [TestNG-tests-1] LogReport:26 - STEP#6: hotelpage validation
2019-11-29 17:20:15,766  INFO [TestNG-tests-1] LogReport:26 - Successfully validated Bangalore
2019-11-29 17:20:15,767  INFO [TestNG-tests-1] LogReport:26 - STEP#7: Clicking on modify
2019-11-29 17:20:15,937  INFO [TestNG-tests-1] LogReport:26 - STEP#7: Clicking on view more
2019-11-29 17:20:34,904  INFO [TestNG-tests-1] LogReport:26 - STEP#9: Quiting Driver
2019-11-29 17:20:46,499  INFO [TestNG-tests-1] LogReport:26 - Chrome browser started...
2019-11-29 17:21:01,528  INFO [TestNG-tests-1] LogReport:26 - Application is open...
2019-11-29 17:21:01,642  INFO [TestNG-tests-1] LogReport:26 - STEP#1: Home page validation
2019-11-29 17:21:02,205  INFO [TestNG-tests-1] LogReport:26 - Successfully validated HOTELS
FLIGHTS
TOURS
TRANSFER
VISA
2019-11-29 17:21:02,207  INFO [TestNG-tests-1] LogReport:26 - STEP#2: Entering City name
2019-11-29 17:21:05,865  INFO [TestNG-tests-1] LogReport:26 - STEP#3: Selecting checkin date
2019-11-29 17:21:05,926  INFO [TestNG-tests-1] LogReport:26 - 11/29/2019
2019-11-29 17:21:05,927  INFO [TestNG-tests-1] LogReport:31 - 10
2019-11-29 17:21:05,928  INFO [TestNG-tests-1] LogReport:26 - 12/09/2019
2019-11-29 17:21:06,557  INFO [TestNG-tests-1] LogReport:26 - STEP#4: Selecting Checkout date
2019-11-29 17:21:06,616  INFO [TestNG-tests-1] LogReport:26 - 11/29/2019
2019-11-29 17:21:06,616  INFO [TestNG-tests-1] LogReport:31 - 12
2019-11-29 17:21:06,618  INFO [TestNG-tests-1] LogReport:26 - 12/11/2019
2019-11-29 17:21:07,008  INFO [TestNG-tests-1] LogReport:26 - STEP#4: Selecting Adults
2019-11-29 17:21:07,229  INFO [TestNG-tests-1] LogReport:26 - STEP#4: Selecting Children
2019-11-29 17:21:07,442  INFO [TestNG-tests-1] LogReport:26 - STEP#5: clicking Search
2019-11-29 17:21:15,987  INFO [TestNG-tests-1] LogReport:26 - STEP#6: hotelpage validation
2019-11-29 17:21:16,153  INFO [TestNG-tests-1] LogReport:26 - Successfully validated Bangalore
2019-11-29 17:21:16,154  INFO [TestNG-tests-1] LogReport:26 - STEP#7: Clicking on modify
2019-11-29 17:21:16,307  INFO [TestNG-tests-1] LogReport:26 - STEP#7: Clicking on view more
2019-11-29 17:21:21,600  INFO [TestNG-tests-1] LogReport:26 - STEP#9: Quiting Driver
2019-11-29 17:23:06,713  INFO [main] LogReport:26 - Chrome browser started...
2019-11-29 17:23:16,599  INFO [main] LogReport:26 - Application is open...
2019-11-29 17:23:16,737  INFO [main] LogReport:26 - STEP#1: Home page validation
2019-11-29 17:23:17,084  INFO [main] LogReport:26 - Successfully validated HOTELS
FLIGHTS
TOURS
TRANSFER
VISA
2019-11-29 17:23:17,084  INFO [main] LogReport:26 - STEP#2: Entering City name
2019-11-29 17:23:17,870  INFO [main] LogReport:26 - STEP#9: Quiting Driver
2019-11-29 17:34:24,776  INFO [main] LogReport:26 - Chrome browser started...
2019-11-29 17:34:33,878  INFO [main] LogReport:26 - Application is open...
2019-11-29 17:34:34,047  INFO [main] LogReport:26 - STEP#1: Home page validation
2019-11-29 17:34:34,490  INFO [main] LogReport:26 - Successfully validated HOTELS
FLIGHTS
TOURS
TRANSFER
VISA
2019-11-29 17:34:34,491  INFO [main] LogReport:26 - STEP#2: Entering City name
2019-11-29 17:34:38,285  INFO [main] LogReport:26 - STEP#3: Selecting checkin date
2019-11-29 17:34:38,351  INFO [main] LogReport:26 - 11/29/2019
2019-11-29 17:34:38,352  INFO [main] LogReport:31 - 10
2019-11-29 17:34:38,353  INFO [main] LogReport:26 - 12/09/2019
2019-11-29 17:34:38,728  INFO [main] LogReport:26 - STEP#4: Selecting Checkout date
2019-11-29 17:34:38,786  INFO [main] LogReport:26 - 11/29/2019
2019-11-29 17:34:38,787  INFO [main] LogReport:31 - 12
2019-11-29 17:34:38,787  INFO [main] LogReport:26 - 12/11/2019
2019-11-29 17:34:39,122  INFO [main] LogReport:26 - STEP#4: Selecting Adults
2019-11-29 17:34:39,301  INFO [main] LogReport:26 - STEP#4: Selecting Children
2019-11-29 17:34:39,481  INFO [main] LogReport:26 - STEP#5: clicking Search
2019-11-29 17:34:46,185  INFO [main] LogReport:26 - STEP#6: hotelpage validation
2019-11-29 17:34:46,303  INFO [main] LogReport:26 - Successfully validated Bangalore
2019-11-29 17:34:46,303  INFO [main] LogReport:26 - STEP#7: Clicking on modify
2019-11-29 17:34:46,488  INFO [main] LogReport:26 - STEP#7: Clicking on view more
2019-11-29 17:34:48,654  INFO [main] LogReport:26 - STEP#9: Quiting Driver
2019-11-29 18:02:01,610  INFO [main] LogReport:26 - Chrome browser started...
2019-11-29 18:02:11,658  INFO [main] LogReport:26 - Application is open...
2019-11-29 18:02:11,837  INFO [main] LogReport:26 - STEP#1: Home page validation
2019-11-29 18:02:12,268  INFO [main] LogReport:26 - Successfully validated HOTELS
FLIGHTS
TOURS
TRANSFER
VISA
2019-11-29 18:02:12,269  INFO [main] LogReport:26 - STEP#2: Entering City name
2019-11-29 18:02:16,067  INFO [main] LogReport:26 - STEP#3: Selecting checkin date
2019-11-29 18:02:16,135  INFO [main] LogReport:26 - 11/29/2019
2019-11-29 18:02:16,136  INFO [main] LogReport:31 - 10
2019-11-29 18:02:16,137  INFO [main] LogReport:26 - 12/09/2019
2019-11-29 18:02:16,437  INFO [main] LogReport:26 - STEP#4: Selecting Checkout date
2019-11-29 18:02:16,496  INFO [main] LogReport:26 - 11/29/2019
2019-11-29 18:02:16,497  INFO [main] LogReport:31 - 12
2019-11-29 18:02:16,497  INFO [main] LogReport:26 - 12/11/2019
2019-11-29 18:02:16,750  INFO [main] LogReport:26 - STEP#4: Selecting Adults
2019-11-29 18:02:16,937  INFO [main] LogReport:26 - STEP#4: Selecting Children
2019-11-29 18:02:17,107  INFO [main] LogReport:26 - STEP#5: clicking Search
2019-11-29 18:02:24,668  INFO [main] LogReport:26 - STEP#6: hotelpage validation
2019-11-29 18:02:24,845  INFO [main] LogReport:26 - Successfully validated Bangalore
2019-11-29 18:02:24,846  INFO [main] LogReport:26 - STEP#7: Clicking on modify
2019-11-29 18:02:25,189  INFO [main] LogReport:26 - STEP#9: Quiting Driver
2019-11-29 18:03:22,333  INFO [main] LogReport:26 - Chrome browser started...
2019-11-29 18:03:33,526  INFO [main] LogReport:26 - Application is open...
2019-11-29 18:03:33,750  INFO [main] LogReport:26 - STEP#1: Home page validation
2019-11-29 18:03:34,304  INFO [main] LogReport:26 - Successfully validated HOTELS
FLIGHTS
TOURS
TRANSFER
VISA
2019-11-29 18:03:34,304  INFO [main] LogReport:26 - STEP#2: Entering City name
2019-11-29 18:03:38,050  INFO [main] LogReport:26 - STEP#3: Selecting checkin date
2019-11-29 18:03:38,111  INFO [main] LogReport:26 - 11/29/2019
2019-11-29 18:03:38,112  INFO [main] LogReport:31 - 10
2019-11-29 18:03:38,112  INFO [main] LogReport:26 - 12/09/2019
2019-11-29 18:03:38,354  INFO [main] LogReport:26 - STEP#4: Selecting Checkout date
2019-11-29 18:03:38,404  INFO [main] LogReport:26 - 11/29/2019
2019-11-29 18:03:38,404  INFO [main] LogReport:31 - 12
2019-11-29 18:03:38,405  INFO [main] LogReport:26 - 12/11/2019
2019-11-29 18:03:38,622  INFO [main] LogReport:26 - STEP#4: Selecting Adults
2019-11-29 18:03:38,790  INFO [main] LogReport:26 - STEP#4: Selecting Children
2019-11-29 18:03:38,940  INFO [main] LogReport:26 - STEP#5: clicking Search
2019-11-29 18:03:47,321  INFO [main] LogReport:26 - STEP#6: hotelpage validation
2019-11-29 18:03:47,408  INFO [main] LogReport:26 - Successfully validated Bangalore
2019-11-29 18:03:47,408  INFO [main] LogReport:26 - STEP#7: Clicking on modify
2019-11-29 18:03:47,578  INFO [main] LogReport:26 - STEP#7: Clicking on view more
2019-11-29 18:06:29,941  INFO [main] LogReport:29 - Chrome browser started...
2019-11-29 18:06:40,627  INFO [main] LogReport:29 - Application is open...
2019-11-29 18:06:40,817  INFO [main] LogReport:29 - STEP#1: Home page validation
2019-11-29 18:06:41,232  INFO [main] LogReport:29 - Successfully validated HOTELS
FLIGHTS
TOURS
TRANSFER
VISA
2019-11-29 18:06:41,233  INFO [main] LogReport:29 - STEP#2: Entering City name
2019-11-29 18:06:44,880  INFO [main] LogReport:29 - STEP#3: Selecting checkin date
2019-11-29 18:06:44,940  INFO [main] LogReport:29 - 11/29/2019
2019-11-29 18:06:44,941  INFO [main] LogReport:34 - 10
2019-11-29 18:06:44,941  INFO [main] LogReport:29 - 12/09/2019
2019-11-29 18:06:45,173  INFO [main] LogReport:29 - STEP#4: Selecting Checkout date
2019-11-29 18:06:45,235  INFO [main] LogReport:29 - 11/29/2019
2019-11-29 18:06:45,235  INFO [main] LogReport:34 - 12
2019-11-29 18:06:45,235  INFO [main] LogReport:29 - 12/11/2019
2019-11-29 18:06:45,496  INFO [main] LogReport:29 - STEP#4: Selecting Adults
2019-11-29 18:06:45,715  INFO [main] LogReport:29 - STEP#4: Selecting Children
2019-11-29 18:06:45,917  INFO [main] LogReport:29 - STEP#5: clicking Search
2019-11-29 18:06:54,559  INFO [main] LogReport:29 - STEP#6: hotelpage validation
2019-11-29 18:06:54,681  INFO [main] LogReport:29 - Successfully validated Bangalore
2019-11-29 18:06:54,681  INFO [main] LogReport:29 - STEP#7: Clicking on modify
2019-11-29 18:06:54,867  INFO [main] LogReport:29 - STEP#7: Clicking on view more
2019-11-29 18:07:57,388  INFO [main] LogReport:29 - Chrome browser started...
2019-11-29 18:08:07,790  INFO [main] LogReport:29 - Application is open...
2019-11-29 18:08:07,925  INFO [main] LogReport:29 - STEP#1: Home page validation
2019-11-29 18:08:08,281  INFO [main] LogReport:29 - Successfully validated HOTELS
FLIGHTS
TOURS
TRANSFER
VISA
2019-11-29 18:08:08,282  INFO [main] LogReport:29 - STEP#2: Entering City name
2019-11-29 18:08:11,951  INFO [main] LogReport:29 - STEP#3: Selecting checkin date
2019-11-29 18:08:12,010  INFO [main] LogReport:29 - 11/29/2019
2019-11-29 18:08:12,010  INFO [main] LogReport:34 - 10
2019-11-29 18:08:12,011  INFO [main] LogReport:29 - 12/09/2019
2019-11-29 18:08:12,289  INFO [main] LogReport:29 - STEP#4: Selecting Checkout date
2019-11-29 18:08:12,348  INFO [main] LogReport:29 - 11/29/2019
2019-11-29 18:08:12,348  INFO [main] LogReport:34 - 12
2019-11-29 18:08:12,349  INFO [main] LogReport:29 - 12/11/2019
2019-11-29 18:08:12,556  INFO [main] LogReport:29 - STEP#4: Selecting Adults
2019-11-29 18:08:12,793  INFO [main] LogReport:29 - STEP#4: Selecting Children
2019-11-29 18:08:12,979  INFO [main] LogReport:29 - STEP#5: clicking Search
2019-11-29 18:08:21,409  INFO [main] LogReport:29 - STEP#6: hotelpage validation
2019-11-29 18:08:21,524  INFO [main] LogReport:29 - Successfully validated Bangalore
2019-11-29 18:08:21,524  INFO [main] LogReport:29 - STEP#7: Clicking on modify
2019-11-29 18:08:21,669  INFO [main] LogReport:29 - STEP#7: Clicking on view more
2019-11-29 18:14:09,526  INFO [main] LogReport:29 - Chrome browser started...
2019-11-29 18:14:29,238  INFO [main] LogReport:29 - Application is open...
2019-11-29 18:14:29,577  INFO [main] LogReport:29 - STEP#1: Home page validation
2019-11-29 18:14:30,580  INFO [main] LogReport:29 - Successfully validated HOTELS
FLIGHTS
TOURS
TRANSFER
VISA
2019-11-29 18:14:30,580  INFO [main] LogReport:29 - STEP#2: Entering City name
2019-11-29 18:14:34,963  INFO [main] LogReport:29 - STEP#3: Selecting checkin date
2019-11-29 18:14:35,098  INFO [main] LogReport:29 - 11/29/2019
2019-11-29 18:14:35,098  INFO [main] LogReport:34 - 10
2019-11-29 18:14:35,102  INFO [main] LogReport:29 - 12/09/2019
2019-11-29 18:14:35,528  INFO [main] LogReport:29 - STEP#4: Selecting Checkout date
2019-11-29 18:14:35,663  INFO [main] LogReport:29 - 11/29/2019
2019-11-29 18:14:35,663  INFO [main] LogReport:34 - 12
2019-11-29 18:14:35,663  INFO [main] LogReport:29 - 12/11/2019
2019-11-29 18:14:36,038  INFO [main] LogReport:29 - STEP#4: Selecting Adults
2019-11-29 18:14:36,349  INFO [main] LogReport:29 - STEP#4: Selecting Children
2019-11-29 18:14:36,630  INFO [main] LogReport:29 - STEP#5: clicking Search
2019-11-29 18:14:45,095  INFO [main] LogReport:29 - STEP#6: hotelpage validation
2019-11-29 18:14:45,272  INFO [main] LogReport:29 - Successfully validated Bangalore
2019-11-29 18:14:45,272  INFO [main] LogReport:29 - STEP#7: Clicking on modify
2019-11-29 18:14:45,724  INFO [main] LogReport:29 - STEP#9: Quiting Driver
2019-11-29 18:15:18,153  INFO [main] LogReport:29 - Chrome browser started...
2019-11-29 18:15:28,346  INFO [main] LogReport:29 - Application is open...
2019-11-29 18:15:28,474  INFO [main] LogReport:29 - STEP#1: Home page validation
2019-11-29 18:15:29,022  INFO [main] LogReport:29 - Successfully validated HOTELS
FLIGHTS
TOURS
TRANSFER
VISA
2019-11-29 18:15:29,022  INFO [main] LogReport:29 - STEP#2: Entering City name
2019-11-29 18:15:33,153  INFO [main] LogReport:29 - STEP#3: Selecting checkin date
2019-11-29 18:15:33,217  INFO [main] LogReport:29 - 11/29/2019
2019-11-29 18:15:33,217  INFO [main] LogReport:34 - 10
2019-11-29 18:15:33,221  INFO [main] LogReport:29 - 12/09/2019
2019-11-29 18:15:33,469  INFO [main] LogReport:29 - STEP#4: Selecting Checkout date
2019-11-29 18:15:33,533  INFO [main] LogReport:29 - 11/29/2019
2019-11-29 18:15:33,533  INFO [main] LogReport:34 - 12
2019-11-29 18:15:33,533  INFO [main] LogReport:29 - 12/11/2019
2019-11-29 18:15:33,806  INFO [main] LogReport:29 - STEP#4: Selecting Adults
2019-11-29 18:15:33,994  INFO [main] LogReport:29 - STEP#4: Selecting Children
2019-11-29 18:15:34,172  INFO [main] LogReport:29 - STEP#5: clicking Search
2019-11-29 18:15:41,985  INFO [main] LogReport:29 - STEP#6: hotelpage validation
2019-11-29 18:15:42,101  INFO [main] LogReport:29 - Successfully validated Bangalore
2019-11-29 18:15:42,101  INFO [main] LogReport:29 - STEP#7: Clicking on modify
2019-11-29 18:15:42,525  INFO [main] LogReport:29 - STEP#9: Quiting Driver
2019-11-29 18:16:21,210  INFO [main] LogReport:29 - Chrome browser started...
2019-11-29 18:16:32,033  INFO [main] LogReport:29 - Application is open...
2019-11-29 18:16:32,204  INFO [main] LogReport:29 - STEP#1: Home page validation
2019-11-29 18:16:32,584  INFO [main] LogReport:29 - Successfully validated HOTELS
FLIGHTS
TOURS
TRANSFER
VISA
2019-11-29 18:16:32,584  INFO [main] LogReport:29 - STEP#2: Entering City name
2019-11-29 18:16:36,244  INFO [main] LogReport:29 - STEP#3: Selecting checkin date
2019-11-29 18:16:36,305  INFO [main] LogReport:29 - 11/29/2019
2019-11-29 18:16:36,305  INFO [main] LogReport:34 - 10
2019-11-29 18:16:36,305  INFO [main] LogReport:29 - 12/09/2019
2019-11-29 18:16:36,687  INFO [main] LogReport:29 - STEP#4: Selecting Checkout date
2019-11-29 18:16:36,742  INFO [main] LogReport:29 - 11/29/2019
2019-11-29 18:16:36,742  INFO [main] LogReport:34 - 12
2019-11-29 18:16:36,742  INFO [main] LogReport:29 - 12/11/2019
2019-11-29 18:16:37,058  INFO [main] LogReport:29 - STEP#4: Selecting Adults
2019-11-29 18:16:37,236  INFO [main] LogReport:29 - STEP#4: Selecting Children
2019-11-29 18:16:37,400  INFO [main] LogReport:29 - STEP#5: clicking Search
2019-11-29 18:16:45,295  INFO [main] LogReport:29 - STEP#6: hotelpage validation
2019-11-29 18:16:45,458  INFO [main] LogReport:29 - Successfully validated Bangalore
2019-11-29 18:16:45,458  INFO [main] LogReport:29 - STEP#7: Clicking on modify
2019-11-29 18:16:45,574  INFO [main] LogReport:29 - STEP#7: Clicking on view more
2019-11-29 18:16:47,508  INFO [main] LogReport:29 - STEP#9: Quiting Driver
2019-11-29 18:18:05,901  INFO [main] LogReport:29 - Chrome browser started...
2019-11-29 18:18:15,915  INFO [main] LogReport:29 - Application is open...
2019-11-29 18:18:16,134  INFO [main] LogReport:29 - STEP#1: Home page validation
2019-11-29 18:18:16,484  INFO [main] LogReport:29 - Successfully validated HOTELS
FLIGHTS
TOURS
TRANSFER
VISA
2019-11-29 18:18:16,484  INFO [main] LogReport:29 - STEP#2: Entering City name
2019-11-29 18:18:20,388  INFO [main] LogReport:29 - STEP#3: Selecting checkin date
2019-11-29 18:18:20,448  INFO [main] LogReport:29 - 11/29/2019
2019-11-29 18:18:20,448  INFO [main] LogReport:34 - 10
2019-11-29 18:18:20,448  INFO [main] LogReport:29 - 12/09/2019
2019-11-29 18:18:20,664  INFO [main] LogReport:29 - STEP#4: Selecting Checkout date
2019-11-29 18:18:20,716  INFO [main] LogReport:29 - 11/29/2019
2019-11-29 18:18:20,716  INFO [main] LogReport:34 - 12
2019-11-29 18:18:20,716  INFO [main] LogReport:29 - 12/11/2019
2019-11-29 18:18:20,944  INFO [main] LogReport:29 - STEP#4: Selecting Adults
2019-11-29 18:18:21,136  INFO [main] LogReport:29 - STEP#4: Selecting Children
2019-11-29 18:18:21,348  INFO [main] LogReport:29 - STEP#5: clicking Search
2019-11-29 18:18:29,081  INFO [main] LogReport:29 - STEP#6: hotelpage validation
2019-11-29 18:18:29,193  INFO [main] LogReport:29 - Successfully validated Bangalore
2019-11-29 18:18:29,193  INFO [main] LogReport:29 - STEP#7: Clicking on modify
2019-11-29 18:18:29,388  INFO [main] LogReport:29 - STEP#7: Clicking on view more
2019-11-29 18:18:31,379  INFO [main] LogReport:29 - STEP#9: Quiting Driver
2019-11-29 18:22:25,570  INFO [main] LogReport:29 - Chrome browser started...
2019-11-29 18:25:06,655  INFO [main] LogReport:29 - Chrome browser started...
